{"C:\\Users\\usuario\\Documents\\Proyectos\\my-react-app\\src\\app\\page.jsx": {"path":"C:\\Users\\usuario\\Documents\\Proyectos\\my-react-app\\src\\app\\page.jsx","statementMap":{"0":{"start":{"line":5,"column":43},"end":{"line":5,"column":null}},"1":{"start":{"line":7,"column":2},"end":{"line":27,"column":null}}},"fnMap":{"0":{"name":"UsersPage","decl":{"start":{"line":4,"column":24},"end":{"line":4,"column":36}},"loc":{"start":{"line":4,"column":36},"end":{"line":29,"column":null}},"line":4}},"branchMap":{"0":{"loc":{"start":{"line":13,"column":11},"end":{"line":16,"column":null}},"type":"binary-expr","locations":[{"start":{"line":13,"column":11},"end":{"line":13,"column":25}},{"start":{"line":13,"column":25},"end":{"line":13,"column":null}},{"start":{"line":14,"column":12},"end":{"line":16,"column":null}}],"line":13}},"s":{"0":1,"1":1},"f":{"0":1},"b":{"0":[1,1,1]},"meta":{"lastBranch":1,"lastFunction":1,"lastStatement":2,"seen":{"f:4:24:4:36":0,"s:5:43:5:Infinity":0,"s:7:2:27:Infinity":1,"b:13:11:13:25:13:25:13:Infinity:14:12:16:Infinity":0}}}
,"C:\\Users\\usuario\\Documents\\Proyectos\\my-react-app\\src\\app\\components\\users-table.jsx": {"path":"C:\\Users\\usuario\\Documents\\Proyectos\\my-react-app\\src\\app\\components\\users-table.jsx","statementMap":{"0":{"start":{"line":27,"column":16},"end":{"line":110,"column":null}},"1":{"start":{"line":31,"column":6},"end":{"line":35,"column":null}},"2":{"start":{"line":33,"column":36},"end":{"line":33,"column":null}},"3":{"start":{"line":38,"column":6},"end":{"line":42,"column":null}},"4":{"start":{"line":40,"column":36},"end":{"line":40,"column":null}},"5":{"start":{"line":50,"column":28},"end":{"line":50,"column":null}},"6":{"start":{"line":51,"column":23},"end":{"line":51,"column":null}},"7":{"start":{"line":56,"column":28},"end":{"line":56,"column":null}},"8":{"start":{"line":57,"column":23},"end":{"line":57,"column":null}},"9":{"start":{"line":62,"column":28},"end":{"line":62,"column":null}},"10":{"start":{"line":63,"column":23},"end":{"line":63,"column":null}},"11":{"start":{"line":68,"column":28},"end":{"line":68,"column":null}},"12":{"start":{"line":69,"column":23},"end":{"line":69,"column":null}},"13":{"start":{"line":74,"column":28},"end":{"line":74,"column":null}},"14":{"start":{"line":76,"column":19},"end":{"line":76,"column":null}},"15":{"start":{"line":77,"column":6},"end":{"line":77,"column":null}},"16":{"start":{"line":85,"column":19},"end":{"line":85,"column":null}},"17":{"start":{"line":86,"column":6},"end":{"line":104,"column":null}},"18":{"start":{"line":96,"column":45},"end":{"line":96,"column":88}},"19":{"start":{"line":113,"column":32},"end":{"line":113,"column":null}},"20":{"start":{"line":114,"column":44},"end":{"line":114,"column":null}},"21":{"start":{"line":115,"column":50},"end":{"line":115,"column":null}},"22":{"start":{"line":116,"column":42},"end":{"line":116,"column":null}},"23":{"start":{"line":118,"column":8},"end":{"line":135,"column":null}},"24":{"start":{"line":138,"column":2},"end":{"line":140,"column":null}},"25":{"start":{"line":139,"column":4},"end":{"line":139,"column":null}},"26":{"start":{"line":143,"column":2},"end":{"line":158,"column":null}},"27":{"start":{"line":144,"column":4},"end":{"line":156,"column":null}},"28":{"start":{"line":160,"column":2},"end":{"line":181,"column":null}}},"fnMap":{"0":{"name":"(anonymous_0)","decl":{"start":{"line":30,"column":12},"end":{"line":30,"column":13}},"loc":{"start":{"line":31,"column":6},"end":{"line":35,"column":null}},"line":31},"1":{"name":"(anonymous_1)","decl":{"start":{"line":33,"column":25},"end":{"line":33,"column":26}},"loc":{"start":{"line":33,"column":36},"end":{"line":33,"column":null}},"line":33},"2":{"name":"(anonymous_2)","decl":{"start":{"line":37,"column":10},"end":{"line":37,"column":11}},"loc":{"start":{"line":38,"column":6},"end":{"line":42,"column":null}},"line":38},"3":{"name":"(anonymous_3)","decl":{"start":{"line":40,"column":25},"end":{"line":40,"column":26}},"loc":{"start":{"line":40,"column":36},"end":{"line":40,"column":null}},"line":40},"4":{"name":"(anonymous_4)","decl":{"start":{"line":50,"column":12},"end":{"line":50,"column":13}},"loc":{"start":{"line":50,"column":28},"end":{"line":50,"column":null}},"line":50},"5":{"name":"(anonymous_5)","decl":{"start":{"line":51,"column":10},"end":{"line":51,"column":11}},"loc":{"start":{"line":51,"column":23},"end":{"line":51,"column":null}},"line":51},"6":{"name":"(anonymous_6)","decl":{"start":{"line":56,"column":12},"end":{"line":56,"column":13}},"loc":{"start":{"line":56,"column":28},"end":{"line":56,"column":null}},"line":56},"7":{"name":"(anonymous_7)","decl":{"start":{"line":57,"column":10},"end":{"line":57,"column":11}},"loc":{"start":{"line":57,"column":23},"end":{"line":57,"column":null}},"line":57},"8":{"name":"(anonymous_8)","decl":{"start":{"line":62,"column":12},"end":{"line":62,"column":13}},"loc":{"start":{"line":62,"column":28},"end":{"line":62,"column":null}},"line":62},"9":{"name":"(anonymous_9)","decl":{"start":{"line":63,"column":10},"end":{"line":63,"column":11}},"loc":{"start":{"line":63,"column":23},"end":{"line":63,"column":null}},"line":63},"10":{"name":"(anonymous_10)","decl":{"start":{"line":68,"column":12},"end":{"line":68,"column":13}},"loc":{"start":{"line":68,"column":28},"end":{"line":68,"column":null}},"line":68},"11":{"name":"(anonymous_11)","decl":{"start":{"line":69,"column":10},"end":{"line":69,"column":11}},"loc":{"start":{"line":69,"column":23},"end":{"line":69,"column":null}},"line":69},"12":{"name":"(anonymous_12)","decl":{"start":{"line":74,"column":12},"end":{"line":74,"column":13}},"loc":{"start":{"line":74,"column":28},"end":{"line":74,"column":null}},"line":74},"13":{"name":"(anonymous_13)","decl":{"start":{"line":75,"column":10},"end":{"line":75,"column":11}},"loc":{"start":{"line":75,"column":23},"end":{"line":78,"column":null}},"line":75},"14":{"name":"(anonymous_14)","decl":{"start":{"line":84,"column":10},"end":{"line":84,"column":11}},"loc":{"start":{"line":84,"column":23},"end":{"line":106,"column":null}},"line":84},"15":{"name":"(anonymous_15)","decl":{"start":{"line":96,"column":39},"end":{"line":96,"column":45}},"loc":{"start":{"line":96,"column":45},"end":{"line":96,"column":88}},"line":96},"16":{"name":"UsersTable","decl":{"start":{"line":112,"column":16},"end":{"line":112,"column":27}},"loc":{"start":{"line":112,"column":66},"end":{"line":183,"column":null}},"line":112}},"branchMap":{"0":{"loc":{"start":{"line":32,"column":17},"end":{"line":32,"column":null}},"type":"binary-expr","locations":[{"start":{"line":32,"column":17},"end":{"line":32,"column":54}},{"start":{"line":32,"column":54},"end":{"line":32,"column":91}},{"start":{"line":32,"column":91},"end":{"line":32,"column":null}}],"line":32},"1":{"loc":{"start":{"line":119,"column":10},"end":{"line":119,"column":null}},"type":"binary-expr","locations":[{"start":{"line":119,"column":10},"end":{"line":119,"column":18}},{"start":{"line":119,"column":18},"end":{"line":119,"column":null}}],"line":119},"2":{"loc":{"start":{"line":138,"column":2},"end":{"line":140,"column":null}},"type":"if","locations":[{"start":{"line":138,"column":2},"end":{"line":140,"column":null}},{"start":{},"end":{}}],"line":138},"3":{"loc":{"start":{"line":143,"column":2},"end":{"line":158,"column":null}},"type":"if","locations":[{"start":{"line":143,"column":2},"end":{"line":158,"column":null}},{"start":{},"end":{}}],"line":143},"4":{"loc":{"start":{"line":150,"column":9},"end":{"line":154,"column":null}},"type":"binary-expr","locations":[{"start":{"line":150,"column":9},"end":{"line":150,"column":null}},{"start":{"line":151,"column":10},"end":{"line":154,"column":null}}],"line":150},"5":{"loc":{"start":{"line":168,"column":11},"end":{"line":177,"column":null}},"type":"binary-expr","locations":[{"start":{"line":168,"column":11},"end":{"line":168,"column":null}},{"start":{"line":169,"column":12},"end":{"line":177,"column":null}}],"line":168}},"s":{"0":2,"1":12,"2":0,"3":2,"4":0,"5":12,"6":2,"7":12,"8":2,"9":12,"10":2,"11":12,"12":2,"13":12,"14":2,"15":2,"16":2,"17":2,"18":0,"19":12,"20":12,"21":12,"22":12,"23":12,"24":12,"25":0,"26":12,"27":0,"28":12},"f":{"0":12,"1":0,"2":2,"3":0,"4":12,"5":2,"6":12,"7":2,"8":12,"9":2,"10":12,"11":2,"12":12,"13":2,"14":2,"15":0,"16":12},"b":{"0":[12,12,0],"1":[12,11],"2":[0,12],"3":[0,12],"4":[0,0],"5":[12,1]},"meta":{"lastBranch":6,"lastFunction":17,"lastStatement":29,"seen":{"s:27:16:110:Infinity":0,"f:30:12:30:13":0,"s:31:6:35:Infinity":1,"b:32:17:32:54:32:54:32:91:32:91:32:Infinity":0,"f:33:25:33:26":1,"s:33:36:33:Infinity":2,"f:37:10:37:11":2,"s:38:6:42:Infinity":3,"f:40:25:40:26":3,"s:40:36:40:Infinity":4,"f:50:12:50:13":4,"s:50:28:50:Infinity":5,"f:51:10:51:11":5,"s:51:23:51:Infinity":6,"f:56:12:56:13":6,"s:56:28:56:Infinity":7,"f:57:10:57:11":7,"s:57:23:57:Infinity":8,"f:62:12:62:13":8,"s:62:28:62:Infinity":9,"f:63:10:63:11":9,"s:63:23:63:Infinity":10,"f:68:12:68:13":10,"s:68:28:68:Infinity":11,"f:69:10:69:11":11,"s:69:23:69:Infinity":12,"f:74:12:74:13":12,"s:74:28:74:Infinity":13,"f:75:10:75:11":13,"s:76:19:76:Infinity":14,"s:77:6:77:Infinity":15,"f:84:10:84:11":14,"s:85:19:85:Infinity":16,"s:86:6:104:Infinity":17,"f:96:39:96:45":15,"s:96:45:96:88":18,"f:112:16:112:27":16,"s:113:32:113:Infinity":19,"s:114:44:114:Infinity":20,"s:115:50:115:Infinity":21,"s:116:42:116:Infinity":22,"s:118:8:135:Infinity":23,"b:119:10:119:18:119:18:119:Infinity":1,"b:138:2:140:Infinity:undefined:undefined:undefined:undefined":2,"s:138:2:140:Infinity":24,"s:139:4:139:Infinity":25,"b:143:2:158:Infinity:undefined:undefined:undefined:undefined":3,"s:143:2:158:Infinity":26,"s:144:4:156:Infinity":27,"b:150:9:150:Infinity:151:10:154:Infinity":4,"s:160:2:181:Infinity":28,"b:168:11:168:Infinity:169:12:177:Infinity":5}}}
,"C:\\Users\\usuario\\Documents\\Proyectos\\my-react-app\\src\\components\\data-table\\data-table-column-header.jsx": {"path":"C:\\Users\\usuario\\Documents\\Proyectos\\my-react-app\\src\\components\\data-table\\data-table-column-header.jsx","statementMap":{"0":{"start":{"line":21,"column":2},"end":{"line":23,"column":null}},"1":{"start":{"line":22,"column":4},"end":{"line":22,"column":null}},"2":{"start":{"line":25,"column":2},"end":{"line":110,"column":null}},"3":{"start":{"line":62,"column":29},"end":{"line":62,"column":null}},"4":{"start":{"line":76,"column":29},"end":{"line":76,"column":null}},"5":{"start":{"line":85,"column":31},"end":{"line":85,"column":null}},"6":{"start":{"line":103,"column":27},"end":{"line":103,"column":null}}},"fnMap":{"0":{"name":"DataTableColumnHeader","decl":{"start":{"line":20,"column":16},"end":{"line":20,"column":38}},"loc":{"start":{"line":20,"column":78},"end":{"line":112,"column":null}},"line":20},"1":{"name":"(anonymous_1)","decl":{"start":{"line":62,"column":23},"end":{"line":62,"column":29}},"loc":{"start":{"line":62,"column":29},"end":{"line":62,"column":null}},"line":62},"2":{"name":"(anonymous_2)","decl":{"start":{"line":76,"column":23},"end":{"line":76,"column":29}},"loc":{"start":{"line":76,"column":29},"end":{"line":76,"column":null}},"line":76},"3":{"name":"(anonymous_3)","decl":{"start":{"line":85,"column":25},"end":{"line":85,"column":31}},"loc":{"start":{"line":85,"column":31},"end":{"line":85,"column":null}},"line":85},"4":{"name":"(anonymous_4)","decl":{"start":{"line":103,"column":21},"end":{"line":103,"column":27}},"loc":{"start":{"line":103,"column":27},"end":{"line":103,"column":null}},"line":103}},"branchMap":{"0":{"loc":{"start":{"line":21,"column":2},"end":{"line":23,"column":null}},"type":"if","locations":[{"start":{"line":21,"column":2},"end":{"line":23,"column":null}},{"start":{},"end":{}}],"line":21},"1":{"loc":{"start":{"line":21,"column":6},"end":{"line":21,"column":52}},"type":"binary-expr","locations":[{"start":{"line":21,"column":6},"end":{"line":21,"column":30}},{"start":{"line":21,"column":30},"end":{"line":21,"column":52}}],"line":21},"2":{"loc":{"start":{"line":41,"column":9},"end":{"line":47,"column":null}},"type":"binary-expr","locations":[{"start":{"line":41,"column":9},"end":{"line":41,"column":null}},{"start":{"line":42,"column":11},"end":{"line":47,"column":null}}],"line":41},"3":{"loc":{"start":{"line":42,"column":11},"end":{"line":47,"column":null}},"type":"cond-expr","locations":[{"start":{"line":43,"column":12},"end":{"line":43,"column":null}},{"start":{"line":44,"column":14},"end":{"line":47,"column":null}}],"line":42},"4":{"loc":{"start":{"line":44,"column":14},"end":{"line":47,"column":null}},"type":"cond-expr","locations":[{"start":{"line":45,"column":12},"end":{"line":45,"column":null}},{"start":{"line":47,"column":12},"end":{"line":47,"column":null}}],"line":44},"5":{"loc":{"start":{"line":52,"column":9},"end":{"line":91,"column":null}},"type":"binary-expr","locations":[{"start":{"line":52,"column":9},"end":{"line":52,"column":null}},{"start":{"line":53,"column":10},"end":{"line":91,"column":null}}],"line":52},"6":{"loc":{"start":{"line":82,"column":13},"end":{"line":89,"column":null}},"type":"binary-expr","locations":[{"start":{"line":82,"column":13},"end":{"line":82,"column":null}},{"start":{"line":83,"column":14},"end":{"line":89,"column":null}}],"line":82},"7":{"loc":{"start":{"line":94,"column":9},"end":{"line":107,"column":null}},"type":"binary-expr","locations":[{"start":{"line":94,"column":9},"end":{"line":94,"column":null}},{"start":{"line":95,"column":10},"end":{"line":107,"column":null}}],"line":94}},"s":{"0":60,"1":0,"2":60,"3":0,"4":0,"5":0,"6":0},"f":{"0":60,"1":0,"2":0,"3":0,"4":0},"b":{"0":[0,60],"1":[60,0],"2":[60,60],"3":[0,60],"4":[0,60],"5":[60,60],"6":[60,0],"7":[60,60]},"meta":{"lastBranch":8,"lastFunction":5,"lastStatement":7,"seen":{"f:20:16:20:38":0,"b:21:2:23:Infinity:undefined:undefined:undefined:undefined":0,"s:21:2:23:Infinity":0,"b:21:6:21:30:21:30:21:52":1,"s:22:4:22:Infinity":1,"s:25:2:110:Infinity":2,"b:41:9:41:Infinity:42:11:47:Infinity":2,"b:43:12:43:Infinity:44:14:47:Infinity":3,"b:45:12:45:Infinity:47:12:47:Infinity":4,"b:52:9:52:Infinity:53:10:91:Infinity":5,"f:62:23:62:29":1,"s:62:29:62:Infinity":3,"f:76:23:76:29":2,"s:76:29:76:Infinity":4,"b:82:13:82:Infinity:83:14:89:Infinity":6,"f:85:25:85:31":3,"s:85:31:85:Infinity":5,"b:94:9:94:Infinity:95:10:107:Infinity":7,"f:103:21:103:27":4,"s:103:27:103:Infinity":6}}}
,"C:\\Users\\usuario\\Documents\\Proyectos\\my-react-app\\src\\components\\data-table\\data-table-date-filter.jsx": {"path":"C:\\Users\\usuario\\Documents\\Proyectos\\my-react-app\\src\\components\\data-table\\data-table-date-filter.jsx","statementMap":{"0":{"start":{"line":21,"column":2},"end":{"line":21,"column":null}},"1":{"start":{"line":25,"column":2},"end":{"line":25,"column":null}},"2":{"start":{"line":25,"column":18},"end":{"line":25,"column":null}},"3":{"start":{"line":28,"column":4},"end":{"line":28,"column":null}},"4":{"start":{"line":30,"column":15},"end":{"line":30,"column":null}},"5":{"start":{"line":31,"column":2},"end":{"line":31,"column":null}},"6":{"start":{"line":35,"column":2},"end":{"line":35,"column":null}},"7":{"start":{"line":35,"column":45},"end":{"line":35,"column":null}},"8":{"start":{"line":37,"column":2},"end":{"line":44,"column":null}},"9":{"start":{"line":38,"column":4},"end":{"line":43,"column":null}},"10":{"start":{"line":39,"column":6},"end":{"line":41,"column":null}},"11":{"start":{"line":40,"column":8},"end":{"line":40,"column":null}},"12":{"start":{"line":42,"column":6},"end":{"line":42,"column":null}},"13":{"start":{"line":46,"column":2},"end":{"line":48,"column":null}},"14":{"start":{"line":47,"column":4},"end":{"line":47,"column":null}},"15":{"start":{"line":50,"column":2},"end":{"line":50,"column":null}},"16":{"start":{"line":58,"column":28},"end":{"line":58,"column":null}},"17":{"start":{"line":60,"column":24},"end":{"line":76,"column":null}},"18":{"start":{"line":61,"column":4},"end":{"line":63,"column":null}},"19":{"start":{"line":62,"column":6},"end":{"line":62,"column":null}},"20":{"start":{"line":65,"column":23},"end":{"line":65,"column":null}},"21":{"start":{"line":67,"column":4},"end":{"line":72,"column":null}},"22":{"start":{"line":68,"column":6},"end":{"line":71,"column":null}},"23":{"start":{"line":74,"column":17},"end":{"line":74,"column":null}},"24":{"start":{"line":75,"column":4},"end":{"line":75,"column":null}},"25":{"start":{"line":78,"column":19},"end":{"line":98,"column":null}},"26":{"start":{"line":80,"column":6},"end":{"line":83,"column":null}},"27":{"start":{"line":81,"column":8},"end":{"line":81,"column":null}},"28":{"start":{"line":82,"column":8},"end":{"line":82,"column":null}},"29":{"start":{"line":86,"column":6},"end":{"line":95,"column":null}},"30":{"start":{"line":87,"column":21},"end":{"line":87,"column":null}},"31":{"start":{"line":88,"column":19},"end":{"line":88,"column":null}},"32":{"start":{"line":89,"column":8},"end":{"line":89,"column":null}},"33":{"start":{"line":90,"column":6},"end":{"line":95,"column":null}},"34":{"start":{"line":94,"column":8},"end":{"line":94,"column":null}},"35":{"start":{"line":100,"column":18},"end":{"line":106,"column":null}},"36":{"start":{"line":102,"column":6},"end":{"line":102,"column":null}},"37":{"start":{"line":103,"column":6},"end":{"line":103,"column":null}},"38":{"start":{"line":108,"column":19},"end":{"line":116,"column":null}},"39":{"start":{"line":109,"column":4},"end":{"line":112,"column":null}},"40":{"start":{"line":110,"column":6},"end":{"line":110,"column":null}},"41":{"start":{"line":110,"column":42},"end":{"line":110,"column":null}},"42":{"start":{"line":111,"column":6},"end":{"line":111,"column":null}},"43":{"start":{"line":114,"column":4},"end":{"line":114,"column":null}},"44":{"start":{"line":114,"column":39},"end":{"line":114,"column":null}},"45":{"start":{"line":115,"column":4},"end":{"line":115,"column":null}},"46":{"start":{"line":118,"column":26},"end":{"line":124,"column":null}},"47":{"start":{"line":119,"column":4},"end":{"line":119,"column":null}},"48":{"start":{"line":119,"column":34},"end":{"line":119,"column":null}},"49":{"start":{"line":120,"column":4},"end":{"line":122,"column":null}},"50":{"start":{"line":121,"column":6},"end":{"line":121,"column":null}},"51":{"start":{"line":123,"column":4},"end":{"line":123,"column":null}},"52":{"start":{"line":126,"column":16},"end":{"line":172,"column":null}},"53":{"start":{"line":127,"column":4},"end":{"line":149,"column":null}},"54":{"start":{"line":128,"column":6},"end":{"line":128,"column":null}},"55":{"start":{"line":128,"column":42},"end":{"line":128,"column":null}},"56":{"start":{"line":130,"column":31},"end":{"line":130,"column":null}},"57":{"start":{"line":131,"column":23},"end":{"line":133,"column":null}},"58":{"start":{"line":135,"column":6},"end":{"line":147,"column":null}},"59":{"start":{"line":151,"column":4},"end":{"line":151,"column":null}},"60":{"start":{"line":151,"column":39},"end":{"line":151,"column":null}},"61":{"start":{"line":153,"column":28},"end":{"line":153,"column":null}},"62":{"start":{"line":154,"column":21},"end":{"line":156,"column":null}},"63":{"start":{"line":158,"column":4},"end":{"line":170,"column":null}},"64":{"start":{"line":174,"column":2},"end":{"line":223,"column":null}}},"fnMap":{"0":{"name":"getIsDateRange","decl":{"start":{"line":20,"column":9},"end":{"line":20,"column":24}},"loc":{"start":{"line":20,"column":31},"end":{"line":22,"column":null}},"line":20},"1":{"name":"parseAsDate","decl":{"start":{"line":24,"column":9},"end":{"line":24,"column":21}},"loc":{"start":{"line":24,"column":32},"end":{"line":32,"column":null}},"line":24},"2":{"name":"parseColumnFilterValue","decl":{"start":{"line":34,"column":9},"end":{"line":34,"column":32}},"loc":{"start":{"line":34,"column":39},"end":{"line":51,"column":null}},"line":34},"3":{"name":"(anonymous_3)","decl":{"start":{"line":38,"column":21},"end":{"line":38,"column":22}},"loc":{"start":{"line":38,"column":31},"end":{"line":43,"column":5}},"line":38},"4":{"name":"DataTableDateFilter","decl":{"start":{"line":57,"column":16},"end":{"line":57,"column":36}},"loc":{"start":{"line":57,"column":65},"end":{"line":225,"column":null}},"line":57},"5":{"name":"(anonymous_5)","decl":{"start":{"line":60,"column":38},"end":{"line":60,"column":44}},"loc":{"start":{"line":60,"column":44},"end":{"line":76,"column":5}},"line":60},"6":{"name":"(anonymous_6)","decl":{"start":{"line":79,"column":4},"end":{"line":79,"column":5}},"loc":{"start":{"line":79,"column":14},"end":{"line":96,"column":null}},"line":79},"7":{"name":"(anonymous_7)","decl":{"start":{"line":101,"column":4},"end":{"line":101,"column":5}},"loc":{"start":{"line":101,"column":15},"end":{"line":104,"column":null}},"line":101},"8":{"name":"(anonymous_8)","decl":{"start":{"line":108,"column":33},"end":{"line":108,"column":39}},"loc":{"start":{"line":108,"column":39},"end":{"line":116,"column":5}},"line":108},"9":{"name":"(anonymous_9)","decl":{"start":{"line":118,"column":44},"end":{"line":118,"column":45}},"loc":{"start":{"line":118,"column":55},"end":{"line":124,"column":5}},"line":118},"10":{"name":"(anonymous_10)","decl":{"start":{"line":126,"column":30},"end":{"line":126,"column":36}},"loc":{"start":{"line":126,"column":36},"end":{"line":172,"column":5}},"line":126}},"branchMap":{"0":{"loc":{"start":{"line":21,"column":9},"end":{"line":21,"column":null}},"type":"binary-expr","locations":[{"start":{"line":21,"column":9},"end":{"line":21,"column":18}},{"start":{"line":21,"column":18},"end":{"line":21,"column":47}},{"start":{"line":21,"column":47},"end":{"line":21,"column":null}}],"line":21},"1":{"loc":{"start":{"line":25,"column":2},"end":{"line":25,"column":null}},"type":"if","locations":[{"start":{"line":25,"column":2},"end":{"line":25,"column":null}},{"start":{},"end":{}}],"line":25},"2":{"loc":{"start":{"line":28,"column":4},"end":{"line":28,"column":null}},"type":"cond-expr","locations":[{"start":{"line":28,"column":36},"end":{"line":28,"column":56}},{"start":{"line":28,"column":56},"end":{"line":28,"column":null}}],"line":28},"3":{"loc":{"start":{"line":31,"column":9},"end":{"line":31,"column":null}},"type":"cond-expr","locations":[{"start":{"line":31,"column":41},"end":{"line":31,"column":48}},{"start":{"line":31,"column":48},"end":{"line":31,"column":null}}],"line":31},"4":{"loc":{"start":{"line":35,"column":2},"end":{"line":35,"column":null}},"type":"if","locations":[{"start":{"line":35,"column":2},"end":{"line":35,"column":null}},{"start":{},"end":{}}],"line":35},"5":{"loc":{"start":{"line":35,"column":6},"end":{"line":35,"column":45}},"type":"binary-expr","locations":[{"start":{"line":35,"column":6},"end":{"line":35,"column":24}},{"start":{"line":35,"column":24},"end":{"line":35,"column":45}}],"line":35},"6":{"loc":{"start":{"line":37,"column":2},"end":{"line":44,"column":null}},"type":"if","locations":[{"start":{"line":37,"column":2},"end":{"line":44,"column":null}},{"start":{},"end":{}}],"line":37},"7":{"loc":{"start":{"line":39,"column":6},"end":{"line":41,"column":null}},"type":"if","locations":[{"start":{"line":39,"column":6},"end":{"line":41,"column":null}},{"start":{},"end":{}}],"line":39},"8":{"loc":{"start":{"line":39,"column":10},"end":{"line":39,"column":64}},"type":"binary-expr","locations":[{"start":{"line":39,"column":10},"end":{"line":39,"column":38}},{"start":{"line":39,"column":38},"end":{"line":39,"column":64}}],"line":39},"9":{"loc":{"start":{"line":46,"column":2},"end":{"line":48,"column":null}},"type":"if","locations":[{"start":{"line":46,"column":2},"end":{"line":48,"column":null}},{"start":{},"end":{}}],"line":46},"10":{"loc":{"start":{"line":46,"column":6},"end":{"line":46,"column":62}},"type":"binary-expr","locations":[{"start":{"line":46,"column":6},"end":{"line":46,"column":35}},{"start":{"line":46,"column":35},"end":{"line":46,"column":62}}],"line":46},"11":{"loc":{"start":{"line":61,"column":4},"end":{"line":63,"column":null}},"type":"if","locations":[{"start":{"line":61,"column":4},"end":{"line":63,"column":null}},{"start":{},"end":{}}],"line":61},"12":{"loc":{"start":{"line":62,"column":13},"end":{"line":62,"column":null}},"type":"cond-expr","locations":[{"start":{"line":62,"column":24},"end":{"line":62,"column":61}},{"start":{"line":62,"column":61},"end":{"line":62,"column":null}}],"line":62},"13":{"loc":{"start":{"line":67,"column":4},"end":{"line":72,"column":null}},"type":"if","locations":[{"start":{"line":67,"column":4},"end":{"line":72,"column":null}},{"start":{},"end":{}}],"line":67},"14":{"loc":{"start":{"line":75,"column":11},"end":{"line":75,"column":null}},"type":"cond-expr","locations":[{"start":{"line":75,"column":18},"end":{"line":75,"column":27}},{"start":{"line":75,"column":27},"end":{"line":75,"column":null}}],"line":75},"15":{"loc":{"start":{"line":80,"column":6},"end":{"line":83,"column":null}},"type":"if","locations":[{"start":{"line":80,"column":6},"end":{"line":83,"column":null}},{"start":{},"end":{}}],"line":80},"16":{"loc":{"start":{"line":86,"column":6},"end":{"line":95,"column":null}},"type":"if","locations":[{"start":{"line":86,"column":6},"end":{"line":95,"column":null}},{"start":{"line":90,"column":6},"end":{"line":95,"column":null}}],"line":86},"17":{"loc":{"start":{"line":86,"column":10},"end":{"line":86,"column":44}},"type":"binary-expr","locations":[{"start":{"line":86,"column":10},"end":{"line":86,"column":22}},{"start":{"line":86,"column":22},"end":{"line":86,"column":44}}],"line":86},"18":{"loc":{"start":{"line":89,"column":30},"end":{"line":89,"column":65}},"type":"cond-expr","locations":[{"start":{"line":89,"column":43},"end":{"line":89,"column":56}},{"start":{"line":89,"column":56},"end":{"line":89,"column":65}}],"line":89},"19":{"loc":{"start":{"line":89,"column":30},"end":{"line":89,"column":43}},"type":"binary-expr","locations":[{"start":{"line":89,"column":30},"end":{"line":89,"column":38}},{"start":{"line":89,"column":38},"end":{"line":89,"column":43}}],"line":89},"20":{"loc":{"start":{"line":90,"column":6},"end":{"line":95,"column":null}},"type":"if","locations":[{"start":{"line":90,"column":6},"end":{"line":95,"column":null}},{"start":{},"end":{}}],"line":90},"21":{"loc":{"start":{"line":93,"column":15},"end":{"line":93,"column":47}},"type":"binary-expr","locations":[{"start":{"line":93,"column":15},"end":{"line":93,"column":28}},{"start":{"line":93,"column":28},"end":{"line":93,"column":47}}],"line":93},"22":{"loc":{"start":{"line":109,"column":4},"end":{"line":112,"column":null}},"type":"if","locations":[{"start":{"line":109,"column":4},"end":{"line":112,"column":null}},{"start":{},"end":{}}],"line":109},"23":{"loc":{"start":{"line":110,"column":6},"end":{"line":110,"column":null}},"type":"if","locations":[{"start":{"line":110,"column":6},"end":{"line":110,"column":null}},{"start":{},"end":{}}],"line":110},"24":{"loc":{"start":{"line":111,"column":13},"end":{"line":111,"column":null}},"type":"binary-expr","locations":[{"start":{"line":111,"column":13},"end":{"line":111,"column":35}},{"start":{"line":111,"column":35},"end":{"line":111,"column":null}}],"line":111},"25":{"loc":{"start":{"line":114,"column":4},"end":{"line":114,"column":null}},"type":"if","locations":[{"start":{"line":114,"column":4},"end":{"line":114,"column":null}},{"start":{},"end":{}}],"line":114},"26":{"loc":{"start":{"line":119,"column":4},"end":{"line":119,"column":null}},"type":"if","locations":[{"start":{"line":119,"column":4},"end":{"line":119,"column":null}},{"start":{},"end":{}}],"line":119},"27":{"loc":{"start":{"line":119,"column":8},"end":{"line":119,"column":34}},"type":"binary-expr","locations":[{"start":{"line":119,"column":8},"end":{"line":119,"column":23}},{"start":{"line":119,"column":23},"end":{"line":119,"column":34}}],"line":119},"28":{"loc":{"start":{"line":120,"column":4},"end":{"line":122,"column":null}},"type":"if","locations":[{"start":{"line":120,"column":4},"end":{"line":122,"column":null}},{"start":{},"end":{}}],"line":120},"29":{"loc":{"start":{"line":120,"column":8},"end":{"line":120,"column":32}},"type":"binary-expr","locations":[{"start":{"line":120,"column":8},"end":{"line":120,"column":22}},{"start":{"line":120,"column":22},"end":{"line":120,"column":32}}],"line":120},"30":{"loc":{"start":{"line":123,"column":22},"end":{"line":123,"column":44}},"type":"binary-expr","locations":[{"start":{"line":123,"column":22},"end":{"line":123,"column":36}},{"start":{"line":123,"column":36},"end":{"line":123,"column":44}}],"line":123},"31":{"loc":{"start":{"line":127,"column":4},"end":{"line":149,"column":null}},"type":"if","locations":[{"start":{"line":127,"column":4},"end":{"line":149,"column":null}},{"start":{},"end":{}}],"line":127},"32":{"loc":{"start":{"line":128,"column":6},"end":{"line":128,"column":null}},"type":"if","locations":[{"start":{"line":128,"column":6},"end":{"line":128,"column":null}},{"start":{},"end":{}}],"line":128},"33":{"loc":{"start":{"line":130,"column":31},"end":{"line":130,"column":null}},"type":"binary-expr","locations":[{"start":{"line":130,"column":31},"end":{"line":130,"column":53}},{"start":{"line":130,"column":53},"end":{"line":130,"column":null}}],"line":130},"34":{"loc":{"start":{"line":131,"column":23},"end":{"line":133,"column":null}},"type":"cond-expr","locations":[{"start":{"line":132,"column":10},"end":{"line":132,"column":null}},{"start":{"line":133,"column":10},"end":{"line":133,"column":null}}],"line":131},"35":{"loc":{"start":{"line":138,"column":11},"end":{"line":145,"column":null}},"type":"binary-expr","locations":[{"start":{"line":138,"column":11},"end":{"line":138,"column":null}},{"start":{"line":139,"column":12},"end":{"line":145,"column":null}}],"line":138},"36":{"loc":{"start":{"line":151,"column":4},"end":{"line":151,"column":null}},"type":"if","locations":[{"start":{"line":151,"column":4},"end":{"line":151,"column":null}},{"start":{},"end":{}}],"line":151},"37":{"loc":{"start":{"line":154,"column":21},"end":{"line":156,"column":null}},"type":"cond-expr","locations":[{"start":{"line":154,"column":21},"end":{"line":155,"column":null}},{"start":{"line":156,"column":8},"end":{"line":156,"column":null}}],"line":154},"38":{"loc":{"start":{"line":161,"column":9},"end":{"line":168,"column":null}},"type":"binary-expr","locations":[{"start":{"line":161,"column":9},"end":{"line":161,"column":null}},{"start":{"line":162,"column":10},"end":{"line":168,"column":null}}],"line":161},"39":{"loc":{"start":{"line":182,"column":11},"end":{"line":193,"column":null}},"type":"cond-expr","locations":[{"start":{"line":183,"column":12},"end":{"line":191,"column":null}},{"start":{"line":193,"column":12},"end":{"line":193,"column":null}}],"line":182},"40":{"loc":{"start":{"line":200,"column":9},"end":{"line":220,"column":null}},"type":"cond-expr","locations":[{"start":{"line":201,"column":10},"end":{"line":211,"column":null}},{"start":{"line":213,"column":10},"end":{"line":220,"column":null}}],"line":200},"41":{"loc":{"start":{"line":206,"column":14},"end":{"line":208,"column":null}},"type":"cond-expr","locations":[{"start":{"line":207,"column":18},"end":{"line":207,"column":null}},{"start":{"line":208,"column":18},"end":{"line":208,"column":null}}],"line":206},"42":{"loc":{"start":{"line":217,"column":14},"end":{"line":217,"column":null}},"type":"cond-expr","locations":[{"start":{"line":217,"column":47},"end":{"line":217,"column":66}},{"start":{"line":217,"column":66},"end":{"line":217,"column":null}}],"line":217}},"s":{"0":0,"1":0,"2":0,"3":0,"4":0,"5":0,"6":0,"7":0,"8":0,"9":0,"10":0,"11":0,"12":0,"13":0,"14":0,"15":0,"16":0,"17":0,"18":0,"19":0,"20":0,"21":0,"22":0,"23":0,"24":0,"25":0,"26":0,"27":0,"28":0,"29":0,"30":0,"31":0,"32":0,"33":0,"34":0,"35":0,"36":0,"37":0,"38":0,"39":0,"40":0,"41":0,"42":0,"43":0,"44":0,"45":0,"46":0,"47":0,"48":0,"49":0,"50":0,"51":0,"52":0,"53":0,"54":0,"55":0,"56":0,"57":0,"58":0,"59":0,"60":0,"61":0,"62":0,"63":0,"64":0},"f":{"0":0,"1":0,"2":0,"3":0,"4":0,"5":0,"6":0,"7":0,"8":0,"9":0,"10":0},"b":{"0":[0,0,0],"1":[0,0],"2":[0,0],"3":[0,0],"4":[0,0],"5":[0,0],"6":[0,0],"7":[0,0],"8":[0,0],"9":[0,0],"10":[0,0],"11":[0,0],"12":[0,0],"13":[0,0],"14":[0,0],"15":[0,0],"16":[0,0],"17":[0,0],"18":[0,0],"19":[0,0],"20":[0,0],"21":[0,0],"22":[0,0],"23":[0,0],"24":[0,0],"25":[0,0],"26":[0,0],"27":[0,0],"28":[0,0],"29":[0,0],"30":[0,0],"31":[0,0],"32":[0,0],"33":[0,0],"34":[0,0],"35":[0,0],"36":[0,0],"37":[0,0],"38":[0,0],"39":[0,0],"40":[0,0],"41":[0,0],"42":[0,0]},"meta":{"lastBranch":43,"lastFunction":11,"lastStatement":65,"seen":{"f:20:9:20:24":0,"s:21:2:21:Infinity":0,"b:21:9:21:18:21:18:21:47:21:47:21:Infinity":0,"f:24:9:24:21":1,"b:25:2:25:Infinity:undefined:undefined:undefined:undefined":1,"s:25:2:25:Infinity":1,"s:25:18:25:Infinity":2,"s:28:4:28:Infinity":3,"b:28:36:28:56:28:56:28:Infinity":2,"s:30:15:30:Infinity":4,"s:31:2:31:Infinity":5,"b:31:41:31:48:31:48:31:Infinity":3,"f:34:9:34:32":2,"b:35:2:35:Infinity:undefined:undefined:undefined:undefined":4,"s:35:2:35:Infinity":6,"b:35:6:35:24:35:24:35:45":5,"s:35:45:35:Infinity":7,"b:37:2:44:Infinity:undefined:undefined:undefined:undefined":6,"s:37:2:44:Infinity":8,"s:38:4:43:Infinity":9,"f:38:21:38:22":3,"b:39:6:41:Infinity:undefined:undefined:undefined:undefined":7,"s:39:6:41:Infinity":10,"b:39:10:39:38:39:38:39:64":8,"s:40:8:40:Infinity":11,"s:42:6:42:Infinity":12,"b:46:2:48:Infinity:undefined:undefined:undefined:undefined":9,"s:46:2:48:Infinity":13,"b:46:6:46:35:46:35:46:62":10,"s:47:4:47:Infinity":14,"s:50:2:50:Infinity":15,"f:57:16:57:36":4,"s:58:28:58:Infinity":16,"s:60:24:76:Infinity":17,"f:60:38:60:44":5,"b:61:4:63:Infinity:undefined:undefined:undefined:undefined":11,"s:61:4:63:Infinity":18,"s:62:6:62:Infinity":19,"b:62:24:62:61:62:61:62:Infinity":12,"s:65:23:65:Infinity":20,"b:67:4:72:Infinity:undefined:undefined:undefined:undefined":13,"s:67:4:72:Infinity":21,"s:68:6:71:Infinity":22,"s:74:17:74:Infinity":23,"s:75:4:75:Infinity":24,"b:75:18:75:27:75:27:75:Infinity":14,"s:78:19:98:Infinity":25,"f:79:4:79:5":6,"b:80:6:83:Infinity:undefined:undefined:undefined:undefined":15,"s:80:6:83:Infinity":26,"s:81:8:81:Infinity":27,"s:82:8:82:Infinity":28,"b:86:6:95:Infinity:90:6:95:Infinity":16,"s:86:6:95:Infinity":29,"b:86:10:86:22:86:22:86:44":17,"s:87:21:87:Infinity":30,"s:88:19:88:Infinity":31,"s:89:8:89:Infinity":32,"b:89:43:89:56:89:56:89:65":18,"b:89:30:89:38:89:38:89:43":19,"b:90:6:95:Infinity:undefined:undefined:undefined:undefined":20,"s:90:6:95:Infinity":33,"b:93:15:93:28:93:28:93:47":21,"s:94:8:94:Infinity":34,"s:100:18:106:Infinity":35,"f:101:4:101:5":7,"s:102:6:102:Infinity":36,"s:103:6:103:Infinity":37,"s:108:19:116:Infinity":38,"f:108:33:108:39":8,"b:109:4:112:Infinity:undefined:undefined:undefined:undefined":22,"s:109:4:112:Infinity":39,"b:110:6:110:Infinity:undefined:undefined:undefined:undefined":23,"s:110:6:110:Infinity":40,"s:110:42:110:Infinity":41,"s:111:6:111:Infinity":42,"b:111:13:111:35:111:35:111:Infinity":24,"b:114:4:114:Infinity:undefined:undefined:undefined:undefined":25,"s:114:4:114:Infinity":43,"s:114:39:114:Infinity":44,"s:115:4:115:Infinity":45,"s:118:26:124:Infinity":46,"f:118:44:118:45":9,"b:119:4:119:Infinity:undefined:undefined:undefined:undefined":26,"s:119:4:119:Infinity":47,"b:119:8:119:23:119:23:119:34":27,"s:119:34:119:Infinity":48,"b:120:4:122:Infinity:undefined:undefined:undefined:undefined":28,"s:120:4:122:Infinity":49,"b:120:8:120:22:120:22:120:32":29,"s:121:6:121:Infinity":50,"s:123:4:123:Infinity":51,"b:123:22:123:36:123:36:123:44":30,"s:126:16:172:Infinity":52,"f:126:30:126:36":10,"b:127:4:149:Infinity:undefined:undefined:undefined:undefined":31,"s:127:4:149:Infinity":53,"b:128:6:128:Infinity:undefined:undefined:undefined:undefined":32,"s:128:6:128:Infinity":54,"s:128:42:128:Infinity":55,"s:130:31:130:Infinity":56,"b:130:31:130:53:130:53:130:Infinity":33,"s:131:23:133:Infinity":57,"b:132:10:132:Infinity:133:10:133:Infinity":34,"s:135:6:147:Infinity":58,"b:138:11:138:Infinity:139:12:145:Infinity":35,"b:151:4:151:Infinity:undefined:undefined:undefined:undefined":36,"s:151:4:151:Infinity":59,"s:151:39:151:Infinity":60,"s:153:28:153:Infinity":61,"s:154:21:156:Infinity":62,"b:154:21:155:Infinity:156:8:156:Infinity":37,"s:158:4:170:Infinity":63,"b:161:9:161:Infinity:162:10:168:Infinity":38,"s:174:2:223:Infinity":64,"b:183:12:191:Infinity:193:12:193:Infinity":39,"b:201:10:211:Infinity:213:10:220:Infinity":40,"b:207:18:207:Infinity:208:18:208:Infinity":41,"b:217:47:217:66:217:66:217:Infinity":42}}}
,"C:\\Users\\usuario\\Documents\\Proyectos\\my-react-app\\src\\components\\data-table\\data-table-faceted-filter.jsx": {"path":"C:\\Users\\usuario\\Documents\\Proyectos\\my-react-app\\src\\components\\data-table\\data-table-faceted-filter.jsx","statementMap":{"0":{"start":{"line":31,"column":26},"end":{"line":31,"column":null}},"1":{"start":{"line":33,"column":28},"end":{"line":33,"column":null}},"2":{"start":{"line":34,"column":25},"end":{"line":36,"column":null}},"3":{"start":{"line":38,"column":23},"end":{"line":59,"column":null}},"4":{"start":{"line":40,"column":6},"end":{"line":40,"column":null}},"5":{"start":{"line":40,"column":19},"end":{"line":40,"column":null}},"6":{"start":{"line":42,"column":6},"end":{"line":56,"column":null}},"7":{"start":{"line":43,"column":34},"end":{"line":43,"column":null}},"8":{"start":{"line":45,"column":8},"end":{"line":49,"column":null}},"9":{"start":{"line":46,"column":10},"end":{"line":46,"column":null}},"10":{"start":{"line":48,"column":10},"end":{"line":48,"column":null}},"11":{"start":{"line":51,"column":29},"end":{"line":51,"column":null}},"12":{"start":{"line":52,"column":8},"end":{"line":52,"column":null}},"13":{"start":{"line":54,"column":8},"end":{"line":54,"column":null}},"14":{"start":{"line":55,"column":8},"end":{"line":55,"column":null}},"15":{"start":{"line":61,"column":18},"end":{"line":67,"column":null}},"16":{"start":{"line":63,"column":6},"end":{"line":63,"column":null}},"17":{"start":{"line":64,"column":6},"end":{"line":64,"column":null}},"18":{"start":{"line":69,"column":2},"end":{"line":190,"column":null}},"19":{"start":{"line":117,"column":40},"end":{"line":117,"column":72}},"20":{"start":{"line":119,"column":22},"end":{"line":125,"column":null}},"21":{"start":{"line":142,"column":35},"end":{"line":142,"column":null}},"22":{"start":{"line":144,"column":16},"end":{"line":169,"column":null}},"23":{"start":{"line":147,"column":36},"end":{"line":147,"column":null}},"24":{"start":{"line":179,"column":36},"end":{"line":179,"column":null}}},"fnMap":{"0":{"name":"DataTableFacetedFilter","decl":{"start":{"line":25,"column":16},"end":{"line":25,"column":39}},"loc":{"start":{"line":30,"column":3},"end":{"line":192,"column":null}},"line":30},"1":{"name":"(anonymous_1)","decl":{"start":{"line":39,"column":4},"end":{"line":39,"column":5}},"loc":{"start":{"line":39,"column":28},"end":{"line":57,"column":null}},"line":39},"2":{"name":"(anonymous_2)","decl":{"start":{"line":62,"column":4},"end":{"line":62,"column":5}},"loc":{"start":{"line":62,"column":15},"end":{"line":65,"column":null}},"line":62},"3":{"name":"(anonymous_3)","decl":{"start":{"line":117,"column":28},"end":{"line":117,"column":29}},"loc":{"start":{"line":117,"column":40},"end":{"line":117,"column":72}},"line":117},"4":{"name":"(anonymous_4)","decl":{"start":{"line":118,"column":25},"end":{"line":118,"column":26}},"loc":{"start":{"line":119,"column":22},"end":{"line":125,"column":null}},"line":119},"5":{"name":"(anonymous_5)","decl":{"start":{"line":141,"column":27},"end":{"line":141,"column":28}},"loc":{"start":{"line":141,"column":39},"end":{"line":171,"column":15}},"line":141},"6":{"name":"(anonymous_6)","decl":{"start":{"line":147,"column":30},"end":{"line":147,"column":36}},"loc":{"start":{"line":147,"column":36},"end":{"line":147,"column":null}},"line":147},"7":{"name":"(anonymous_7)","decl":{"start":{"line":179,"column":30},"end":{"line":179,"column":36}},"loc":{"start":{"line":179,"column":36},"end":{"line":179,"column":null}},"line":179}},"branchMap":{"0":{"loc":{"start":{"line":35,"column":4},"end":{"line":35,"column":null}},"type":"cond-expr","locations":[{"start":{"line":35,"column":39},"end":{"line":35,"column":59}},{"start":{"line":35,"column":59},"end":{"line":35,"column":null}}],"line":35},"1":{"loc":{"start":{"line":40,"column":6},"end":{"line":40,"column":null}},"type":"if","locations":[{"start":{"line":40,"column":6},"end":{"line":40,"column":null}},{"start":{},"end":{}}],"line":40},"2":{"loc":{"start":{"line":42,"column":6},"end":{"line":56,"column":null}},"type":"if","locations":[{"start":{"line":42,"column":6},"end":{"line":56,"column":null}},{"start":{"line":53,"column":13},"end":{"line":56,"column":null}}],"line":42},"3":{"loc":{"start":{"line":45,"column":8},"end":{"line":49,"column":null}},"type":"if","locations":[{"start":{"line":45,"column":8},"end":{"line":49,"column":null}},{"start":{"line":47,"column":15},"end":{"line":49,"column":null}}],"line":45},"4":{"loc":{"start":{"line":52,"column":30},"end":{"line":52,"column":76}},"type":"cond-expr","locations":[{"start":{"line":52,"column":52},"end":{"line":52,"column":67}},{"start":{"line":52,"column":67},"end":{"line":52,"column":76}}],"line":52},"5":{"loc":{"start":{"line":54,"column":30},"end":{"line":54,"column":69}},"type":"cond-expr","locations":[{"start":{"line":54,"column":43},"end":{"line":54,"column":55}},{"start":{"line":54,"column":55},"end":{"line":54,"column":69}}],"line":54},"6":{"loc":{"start":{"line":77,"column":11},"end":{"line":88,"column":null}},"type":"cond-expr","locations":[{"start":{"line":78,"column":12},"end":{"line":86,"column":null}},{"start":{"line":88,"column":12},"end":{"line":88,"column":null}}],"line":77},"7":{"loc":{"start":{"line":93,"column":11},"end":{"line":129,"column":null}},"type":"binary-expr","locations":[{"start":{"line":93,"column":11},"end":{"line":93,"column":null}},{"start":{"line":94,"column":12},"end":{"line":129,"column":null}}],"line":93},"8":{"loc":{"start":{"line":108,"column":17},"end":{"line":126,"column":null}},"type":"cond-expr","locations":[{"start":{"line":109,"column":18},"end":{"line":114,"column":null}},{"start":{"line":116,"column":18},"end":{"line":126,"column":null}}],"line":108},"9":{"loc":{"start":{"line":152,"column":24},"end":{"line":154,"column":null}},"type":"cond-expr","locations":[{"start":{"line":153,"column":28},"end":{"line":153,"column":null}},{"start":{"line":154,"column":28},"end":{"line":154,"column":null}}],"line":152},"10":{"loc":{"start":{"line":160,"column":21},"end":{"line":160,"column":null}},"type":"binary-expr","locations":[{"start":{"line":160,"column":21},"end":{"line":160,"column":36}},{"start":{"line":160,"column":36},"end":{"line":160,"column":null}}],"line":160},"11":{"loc":{"start":{"line":164,"column":21},"end":{"line":167,"column":null}},"type":"binary-expr","locations":[{"start":{"line":164,"column":21},"end":{"line":164,"column":null}},{"start":{"line":165,"column":22},"end":{"line":167,"column":null}}],"line":164},"12":{"loc":{"start":{"line":174,"column":13},"end":{"line":185,"column":null}},"type":"binary-expr","locations":[{"start":{"line":174,"column":13},"end":{"line":174,"column":null}},{"start":{"line":175,"column":14},"end":{"line":185,"column":null}}],"line":174}},"s":{"0":0,"1":0,"2":0,"3":0,"4":0,"5":0,"6":0,"7":0,"8":0,"9":0,"10":0,"11":0,"12":0,"13":0,"14":0,"15":0,"16":0,"17":0,"18":0,"19":0,"20":0,"21":0,"22":0,"23":0,"24":0},"f":{"0":0,"1":0,"2":0,"3":0,"4":0,"5":0,"6":0,"7":0},"b":{"0":[0,0],"1":[0,0],"2":[0,0],"3":[0,0],"4":[0,0],"5":[0,0],"6":[0,0],"7":[0,0],"8":[0,0],"9":[0,0],"10":[0,0],"11":[0,0],"12":[0,0]},"meta":{"lastBranch":13,"lastFunction":8,"lastStatement":25,"seen":{"f:25:16:25:39":0,"s:31:26:31:Infinity":0,"s:33:28:33:Infinity":1,"s:34:25:36:Infinity":2,"b:35:39:35:59:35:59:35:Infinity":0,"s:38:23:59:Infinity":3,"f:39:4:39:5":1,"b:40:6:40:Infinity:undefined:undefined:undefined:undefined":1,"s:40:6:40:Infinity":4,"s:40:19:40:Infinity":5,"b:42:6:56:Infinity:53:13:56:Infinity":2,"s:42:6:56:Infinity":6,"s:43:34:43:Infinity":7,"b:45:8:49:Infinity:47:15:49:Infinity":3,"s:45:8:49:Infinity":8,"s:46:10:46:Infinity":9,"s:48:10:48:Infinity":10,"s:51:29:51:Infinity":11,"s:52:8:52:Infinity":12,"b:52:52:52:67:52:67:52:76":4,"s:54:8:54:Infinity":13,"b:54:43:54:55:54:55:54:69":5,"s:55:8:55:Infinity":14,"s:61:18:67:Infinity":15,"f:62:4:62:5":2,"s:63:6:63:Infinity":16,"s:64:6:64:Infinity":17,"s:69:2:190:Infinity":18,"b:78:12:86:Infinity:88:12:88:Infinity":6,"b:93:11:93:Infinity:94:12:129:Infinity":7,"b:109:18:114:Infinity:116:18:126:Infinity":8,"f:117:28:117:29":3,"s:117:40:117:72":19,"f:118:25:118:26":4,"s:119:22:125:Infinity":20,"f:141:27:141:28":5,"s:142:35:142:Infinity":21,"s:144:16:169:Infinity":22,"f:147:30:147:36":6,"s:147:36:147:Infinity":23,"b:153:28:153:Infinity:154:28:154:Infinity":9,"b:160:21:160:36:160:36:160:Infinity":10,"b:164:21:164:Infinity:165:22:167:Infinity":11,"b:174:13:174:Infinity:175:14:185:Infinity":12,"f:179:30:179:36":7,"s:179:36:179:Infinity":24}}}
,"C:\\Users\\usuario\\Documents\\Proyectos\\my-react-app\\src\\components\\data-table\\data-table-pagination.jsx": {"path":"C:\\Users\\usuario\\Documents\\Proyectos\\my-react-app\\src\\components\\data-table\\data-table-pagination.jsx","statementMap":{"0":{"start":{"line":24,"column":2},"end":{"line":115,"column":null}},"1":{"start":{"line":45,"column":14},"end":{"line":45,"column":null}},"2":{"start":{"line":54,"column":16},"end":{"line":56,"column":null}},"3":{"start":{"line":75,"column":27},"end":{"line":75,"column":null}},"4":{"start":{"line":86,"column":27},"end":{"line":86,"column":null}},"5":{"start":{"line":97,"column":27},"end":{"line":97,"column":null}},"6":{"start":{"line":108,"column":27},"end":{"line":108,"column":null}}},"fnMap":{"0":{"name":"DataTablePagination","decl":{"start":{"line":18,"column":16},"end":{"line":18,"column":36}},"loc":{"start":{"line":23,"column":3},"end":{"line":117,"column":null}},"line":23},"1":{"name":"(anonymous_1)","decl":{"start":{"line":44,"column":27},"end":{"line":44,"column":28}},"loc":{"start":{"line":44,"column":38},"end":{"line":46,"column":null}},"line":44},"2":{"name":"(anonymous_2)","decl":{"start":{"line":53,"column":35},"end":{"line":53,"column":36}},"loc":{"start":{"line":54,"column":16},"end":{"line":56,"column":null}},"line":54},"3":{"name":"(anonymous_3)","decl":{"start":{"line":75,"column":21},"end":{"line":75,"column":27}},"loc":{"start":{"line":75,"column":27},"end":{"line":75,"column":null}},"line":75},"4":{"name":"(anonymous_4)","decl":{"start":{"line":86,"column":21},"end":{"line":86,"column":27}},"loc":{"start":{"line":86,"column":27},"end":{"line":86,"column":null}},"line":86},"5":{"name":"(anonymous_5)","decl":{"start":{"line":97,"column":21},"end":{"line":97,"column":27}},"loc":{"start":{"line":97,"column":27},"end":{"line":97,"column":null}},"line":97},"6":{"name":"(anonymous_6)","decl":{"start":{"line":108,"column":21},"end":{"line":108,"column":27}},"loc":{"start":{"line":108,"column":27},"end":{"line":108,"column":null}},"line":108}},"branchMap":{"0":{"loc":{"start":{"line":20,"column":2},"end":{"line":20,"column":null}},"type":"default-arg","locations":[{"start":{"line":20,"column":20},"end":{"line":20,"column":null}}],"line":20}},"s":{"0":13,"1":1,"2":65,"3":0,"4":0,"5":0,"6":0},"f":{"0":13,"1":1,"2":65,"3":0,"4":0,"5":0,"6":0},"b":{"0":[13]},"meta":{"lastBranch":1,"lastFunction":7,"lastStatement":7,"seen":{"f:18:16:18:36":0,"b:20:20:20:Infinity":0,"s:24:2:115:Infinity":0,"f:44:27:44:28":1,"s:45:14:45:Infinity":1,"f:53:35:53:36":2,"s:54:16:56:Infinity":2,"f:75:21:75:27":3,"s:75:27:75:Infinity":3,"f:86:21:86:27":4,"s:86:27:86:Infinity":4,"f:97:21:97:27":5,"s:97:27:97:Infinity":5,"f:108:21:108:27":6,"s:108:27:108:Infinity":6}}}
,"C:\\Users\\usuario\\Documents\\Proyectos\\my-react-app\\src\\components\\data-table\\data-table-skeleton.jsx": {"path":"C:\\Users\\usuario\\Documents\\Proyectos\\my-react-app\\src\\components\\data-table\\data-table-skeleton.jsx","statementMap":{"0":{"start":{"line":23,"column":25},"end":{"line":26,"column":null}},"1":{"start":{"line":25,"column":18},"end":{"line":25,"column":null}},"2":{"start":{"line":28,"column":2},"end":{"line":99,"column":null}},"3":{"start":{"line":33,"column":12},"end":{"line":33,"column":null}},"4":{"start":{"line":45,"column":16},"end":{"line":53,"column":null}},"5":{"start":{"line":60,"column":14},"end":{"line":72,"column":null}},"6":{"start":{"line":62,"column":18},"end":{"line":70,"column":null}}},"fnMap":{"0":{"name":"DataTableSkeleton","decl":{"start":{"line":12,"column":16},"end":{"line":12,"column":34}},"loc":{"start":{"line":22,"column":3},"end":{"line":101,"column":null}},"line":22},"1":{"name":"(anonymous_1)","decl":{"start":{"line":25,"column":4},"end":{"line":25,"column":5}},"loc":{"start":{"line":25,"column":18},"end":{"line":25,"column":null}},"line":25},"2":{"name":"(anonymous_2)","decl":{"start":{"line":32,"column":51},"end":{"line":32,"column":52}},"loc":{"start":{"line":33,"column":12},"end":{"line":33,"column":null}},"line":33},"3":{"name":"(anonymous_3)","decl":{"start":{"line":44,"column":55},"end":{"line":44,"column":56}},"loc":{"start":{"line":45,"column":16},"end":{"line":53,"column":null}},"line":45},"4":{"name":"(anonymous_4)","decl":{"start":{"line":59,"column":50},"end":{"line":59,"column":51}},"loc":{"start":{"line":60,"column":14},"end":{"line":72,"column":null}},"line":60},"5":{"name":"(anonymous_5)","decl":{"start":{"line":61,"column":57},"end":{"line":61,"column":58}},"loc":{"start":{"line":62,"column":18},"end":{"line":70,"column":null}},"line":62}},"branchMap":{"0":{"loc":{"start":{"line":14,"column":2},"end":{"line":14,"column":null}},"type":"default-arg","locations":[{"start":{"line":14,"column":13},"end":{"line":14,"column":null}}],"line":14},"1":{"loc":{"start":{"line":15,"column":2},"end":{"line":15,"column":null}},"type":"default-arg","locations":[{"start":{"line":15,"column":16},"end":{"line":15,"column":null}}],"line":15},"2":{"loc":{"start":{"line":16,"column":2},"end":{"line":16,"column":null}},"type":"default-arg","locations":[{"start":{"line":16,"column":15},"end":{"line":16,"column":null}}],"line":16},"3":{"loc":{"start":{"line":17,"column":2},"end":{"line":17,"column":null}},"type":"default-arg","locations":[{"start":{"line":17,"column":20},"end":{"line":17,"column":null}}],"line":17},"4":{"loc":{"start":{"line":18,"column":2},"end":{"line":18,"column":null}},"type":"default-arg","locations":[{"start":{"line":18,"column":19},"end":{"line":18,"column":null}}],"line":18},"5":{"loc":{"start":{"line":19,"column":2},"end":{"line":19,"column":null}},"type":"default-arg","locations":[{"start":{"line":19,"column":15},"end":{"line":19,"column":null}}],"line":19},"6":{"loc":{"start":{"line":25,"column":18},"end":{"line":25,"column":null}},"type":"binary-expr","locations":[{"start":{"line":25,"column":18},"end":{"line":25,"column":59}},{"start":{"line":25,"column":59},"end":{"line":25,"column":null}}],"line":25},"7":{"loc":{"start":{"line":37,"column":9},"end":{"line":37,"column":null}},"type":"binary-expr","locations":[{"start":{"line":37,"column":9},"end":{"line":37,"column":28}},{"start":{"line":37,"column":28},"end":{"line":37,"column":null}}],"line":37},"8":{"loc":{"start":{"line":49,"column":30},"end":{"line":49,"column":null}},"type":"cond-expr","locations":[{"start":{"line":49,"column":43},"end":{"line":49,"column":63}},{"start":{"line":49,"column":63},"end":{"line":49,"column":null}}],"line":49},"9":{"loc":{"start":{"line":66,"column":32},"end":{"line":66,"column":null}},"type":"cond-expr","locations":[{"start":{"line":66,"column":45},"end":{"line":66,"column":65}},{"start":{"line":66,"column":65},"end":{"line":66,"column":null}}],"line":66},"10":{"loc":{"start":{"line":78,"column":7},"end":{"line":97,"column":null}},"type":"binary-expr","locations":[{"start":{"line":78,"column":7},"end":{"line":78,"column":null}},{"start":{"line":79,"column":8},"end":{"line":97,"column":null}}],"line":78}},"s":{"0":0,"1":0,"2":0,"3":0,"4":0,"5":0,"6":0},"f":{"0":0,"1":0,"2":0,"3":0,"4":0,"5":0},"b":{"0":[0],"1":[0],"2":[0],"3":[0],"4":[0],"5":[0],"6":[0,0],"7":[0,0],"8":[0,0],"9":[0,0],"10":[0,0]},"meta":{"lastBranch":11,"lastFunction":6,"lastStatement":7,"seen":{"f:12:16:12:34":0,"b:14:13:14:Infinity":0,"b:15:16:15:Infinity":1,"b:16:15:16:Infinity":2,"b:17:20:17:Infinity":3,"b:18:19:18:Infinity":4,"b:19:15:19:Infinity":5,"s:23:25:26:Infinity":0,"f:25:4:25:5":1,"s:25:18:25:Infinity":1,"b:25:18:25:59:25:59:25:Infinity":6,"s:28:2:99:Infinity":2,"f:32:51:32:52":2,"s:33:12:33:Infinity":3,"b:37:9:37:28:37:28:37:Infinity":7,"f:44:55:44:56":3,"s:45:16:53:Infinity":4,"b:49:43:49:63:49:63:49:Infinity":8,"f:59:50:59:51":4,"s:60:14:72:Infinity":5,"f:61:57:61:58":5,"s:62:18:70:Infinity":6,"b:66:45:66:65:66:65:66:Infinity":9,"b:78:7:78:Infinity:79:8:97:Infinity":10}}}
,"C:\\Users\\usuario\\Documents\\Proyectos\\my-react-app\\src\\components\\data-table\\data-table-slider-filter.jsx": {"path":"C:\\Users\\usuario\\Documents\\Proyectos\\my-react-app\\src\\components\\data-table\\data-table-slider-filter.jsx","statementMap":{"0":{"start":{"line":14,"column":2},"end":{"line":18,"column":null}},"1":{"start":{"line":23,"column":2},"end":{"line":29,"column":null}},"2":{"start":{"line":26,"column":16},"end":{"line":26,"column":89}},"3":{"start":{"line":28,"column":4},"end":{"line":28,"column":null}},"4":{"start":{"line":30,"column":2},"end":{"line":30,"column":null}},"5":{"start":{"line":34,"column":13},"end":{"line":34,"column":null}},"6":{"start":{"line":35,"column":28},"end":{"line":35,"column":null}},"7":{"start":{"line":36,"column":23},"end":{"line":36,"column":null}},"8":{"start":{"line":37,"column":15},"end":{"line":37,"column":null}},"9":{"start":{"line":39,"column":29},"end":{"line":65,"column":null}},"10":{"start":{"line":40,"column":19},"end":{"line":40,"column":null}},"11":{"start":{"line":41,"column":19},"end":{"line":41,"column":null}},"12":{"start":{"line":43,"column":4},"end":{"line":54,"column":null}},"13":{"start":{"line":44,"column":6},"end":{"line":44,"column":null}},"14":{"start":{"line":46,"column":21},"end":{"line":46,"column":null}},"15":{"start":{"line":47,"column":6},"end":{"line":53,"column":null}},"16":{"start":{"line":48,"column":47},"end":{"line":48,"column":null}},"17":{"start":{"line":49,"column":8},"end":{"line":52,"column":null}},"18":{"start":{"line":50,"column":10},"end":{"line":50,"column":null}},"19":{"start":{"line":51,"column":10},"end":{"line":51,"column":null}},"20":{"start":{"line":56,"column":22},"end":{"line":56,"column":null}},"21":{"start":{"line":58,"column":6},"end":{"line":62,"column":null}},"22":{"start":{"line":64,"column":4},"end":{"line":64,"column":null}},"23":{"start":{"line":67,"column":16},"end":{"line":69,"column":null}},"24":{"start":{"line":68,"column":4},"end":{"line":68,"column":null}},"25":{"start":{"line":71,"column":22},"end":{"line":72,"column":null}},"26":{"start":{"line":72,"column":4},"end":{"line":72,"column":null}},"27":{"start":{"line":74,"column":28},"end":{"line":79,"column":null}},"28":{"start":{"line":75,"column":21},"end":{"line":75,"column":null}},"29":{"start":{"line":76,"column":4},"end":{"line":78,"column":null}},"30":{"start":{"line":77,"column":6},"end":{"line":77,"column":null}},"31":{"start":{"line":81,"column":26},"end":{"line":86,"column":null}},"32":{"start":{"line":82,"column":21},"end":{"line":82,"column":null}},"33":{"start":{"line":83,"column":4},"end":{"line":85,"column":null}},"34":{"start":{"line":84,"column":6},"end":{"line":84,"column":null}},"35":{"start":{"line":88,"column":30},"end":{"line":92,"column":null}},"36":{"start":{"line":89,"column":4},"end":{"line":91,"column":null}},"37":{"start":{"line":90,"column":6},"end":{"line":90,"column":null}},"38":{"start":{"line":94,"column":18},"end":{"line":99,"column":null}},"39":{"start":{"line":95,"column":4},"end":{"line":97,"column":null}},"40":{"start":{"line":96,"column":6},"end":{"line":96,"column":null}},"41":{"start":{"line":98,"column":4},"end":{"line":98,"column":null}},"42":{"start":{"line":101,"column":2},"end":{"line":173,"column":null}}},"fnMap":{"0":{"name":"getIsValidRange","decl":{"start":{"line":13,"column":9},"end":{"line":13,"column":25}},"loc":{"start":{"line":13,"column":32},"end":{"line":20,"column":null}},"line":13},"1":{"name":"parseValuesAsNumbers","decl":{"start":{"line":22,"column":9},"end":{"line":22,"column":30}},"loc":{"start":{"line":22,"column":37},"end":{"line":31,"column":null}},"line":22},"2":{"name":"(anonymous_2)","decl":{"start":{"line":26,"column":16},"end":{"line":26,"column":22}},"loc":{"start":{"line":26,"column":16},"end":{"line":26,"column":89}},"line":26},"3":{"name":"DataTableSliderFilter","decl":{"start":{"line":33,"column":16},"end":{"line":33,"column":38}},"loc":{"start":{"line":33,"column":57},"end":{"line":175,"column":null}},"line":33},"4":{"name":"(anonymous_4)","decl":{"start":{"line":39,"column":43},"end":{"line":39,"column":49}},"loc":{"start":{"line":39,"column":49},"end":{"line":65,"column":5}},"line":39},"5":{"name":"(anonymous_5)","decl":{"start":{"line":67,"column":30},"end":{"line":67,"column":36}},"loc":{"start":{"line":67,"column":36},"end":{"line":69,"column":5}},"line":67},"6":{"name":"(anonymous_6)","decl":{"start":{"line":71,"column":22},"end":{"line":71,"column":null}},"loc":{"start":{"line":72,"column":4},"end":{"line":72,"column":null}},"line":72},"7":{"name":"(anonymous_7)","decl":{"start":{"line":74,"column":28},"end":{"line":74,"column":37}},"loc":{"start":{"line":74,"column":37},"end":{"line":79,"column":null}},"line":74},"8":{"name":"(anonymous_8)","decl":{"start":{"line":81,"column":26},"end":{"line":81,"column":35}},"loc":{"start":{"line":81,"column":35},"end":{"line":86,"column":null}},"line":81},"9":{"name":"(anonymous_9)","decl":{"start":{"line":88,"column":30},"end":{"line":88,"column":39}},"loc":{"start":{"line":88,"column":39},"end":{"line":92,"column":null}},"line":88},"10":{"name":"(anonymous_10)","decl":{"start":{"line":94,"column":18},"end":{"line":94,"column":27}},"loc":{"start":{"line":94,"column":27},"end":{"line":99,"column":null}},"line":94}},"branchMap":{"0":{"loc":{"start":{"line":15,"column":4},"end":{"line":18,"column":null}},"type":"binary-expr","locations":[{"start":{"line":15,"column":4},"end":{"line":15,"column":null}},{"start":{"line":16,"column":4},"end":{"line":16,"column":null}},{"start":{"line":17,"column":4},"end":{"line":17,"column":null}},{"start":{"line":18,"column":4},"end":{"line":18,"column":null}}],"line":15},"1":{"loc":{"start":{"line":23,"column":2},"end":{"line":29,"column":null}},"type":"if","locations":[{"start":{"line":23,"column":2},"end":{"line":29,"column":null}},{"start":{},"end":{}}],"line":23},"2":{"loc":{"start":{"line":24,"column":4},"end":{"line":26,"column":null}},"type":"binary-expr","locations":[{"start":{"line":24,"column":4},"end":{"line":24,"column":null}},{"start":{"line":25,"column":4},"end":{"line":25,"column":null}},{"start":{"line":26,"column":4},"end":{"line":26,"column":null}}],"line":24},"3":{"loc":{"start":{"line":26,"column":16},"end":{"line":26,"column":89}},"type":"binary-expr","locations":[{"start":{"line":26,"column":22},"end":{"line":26,"column":47}},{"start":{"line":26,"column":47},"end":{"line":26,"column":73}},{"start":{"line":26,"column":73},"end":{"line":26,"column":89}}],"line":26},"4":{"loc":{"start":{"line":43,"column":4},"end":{"line":54,"column":null}},"type":"if","locations":[{"start":{"line":43,"column":4},"end":{"line":54,"column":null}},{"start":{"line":45,"column":11},"end":{"line":54,"column":null}}],"line":43},"5":{"loc":{"start":{"line":43,"column":8},"end":{"line":43,"column":55}},"type":"binary-expr","locations":[{"start":{"line":43,"column":8},"end":{"line":43,"column":24}},{"start":{"line":43,"column":24},"end":{"line":43,"column":55}}],"line":43},"6":{"loc":{"start":{"line":47,"column":6},"end":{"line":53,"column":null}},"type":"if","locations":[{"start":{"line":47,"column":6},"end":{"line":53,"column":null}},{"start":{},"end":{}}],"line":47},"7":{"loc":{"start":{"line":47,"column":10},"end":{"line":47,"column":66}},"type":"binary-expr","locations":[{"start":{"line":47,"column":10},"end":{"line":47,"column":20}},{"start":{"line":47,"column":20},"end":{"line":47,"column":45}},{"start":{"line":47,"column":45},"end":{"line":47,"column":66}}],"line":47},"8":{"loc":{"start":{"line":49,"column":8},"end":{"line":52,"column":null}},"type":"if","locations":[{"start":{"line":49,"column":8},"end":{"line":52,"column":null}},{"start":{},"end":{}}],"line":49},"9":{"loc":{"start":{"line":49,"column":12},"end":{"line":49,"column":84}},"type":"binary-expr","locations":[{"start":{"line":49,"column":12},"end":{"line":49,"column":49}},{"start":{"line":49,"column":49},"end":{"line":49,"column":84}}],"line":49},"10":{"loc":{"start":{"line":58,"column":6},"end":{"line":62,"column":null}},"type":"cond-expr","locations":[{"start":{"line":59,"column":10},"end":{"line":59,"column":null}},{"start":{"line":60,"column":10},"end":{"line":62,"column":null}}],"line":58},"11":{"loc":{"start":{"line":60,"column":10},"end":{"line":62,"column":null}},"type":"cond-expr","locations":[{"start":{"line":61,"column":10},"end":{"line":61,"column":null}},{"start":{"line":62,"column":10},"end":{"line":62,"column":null}}],"line":60},"12":{"loc":{"start":{"line":68,"column":11},"end":{"line":68,"column":null}},"type":"binary-expr","locations":[{"start":{"line":68,"column":11},"end":{"line":68,"column":32}},{"start":{"line":68,"column":32},"end":{"line":68,"column":null}}],"line":68},"13":{"loc":{"start":{"line":76,"column":4},"end":{"line":78,"column":null}},"type":"if","locations":[{"start":{"line":76,"column":4},"end":{"line":78,"column":null}},{"start":{},"end":{}}],"line":76},"14":{"loc":{"start":{"line":76,"column":8},"end":{"line":76,"column":76}},"type":"binary-expr","locations":[{"start":{"line":76,"column":8},"end":{"line":76,"column":35}},{"start":{"line":76,"column":35},"end":{"line":76,"column":54}},{"start":{"line":76,"column":54},"end":{"line":76,"column":76}}],"line":76},"15":{"loc":{"start":{"line":83,"column":4},"end":{"line":85,"column":null}},"type":"if","locations":[{"start":{"line":83,"column":4},"end":{"line":85,"column":null}},{"start":{},"end":{}}],"line":83},"16":{"loc":{"start":{"line":83,"column":8},"end":{"line":83,"column":76}},"type":"binary-expr","locations":[{"start":{"line":83,"column":8},"end":{"line":83,"column":35}},{"start":{"line":83,"column":35},"end":{"line":83,"column":54}},{"start":{"line":83,"column":54},"end":{"line":83,"column":76}}],"line":83},"17":{"loc":{"start":{"line":89,"column":4},"end":{"line":91,"column":null}},"type":"if","locations":[{"start":{"line":89,"column":4},"end":{"line":91,"column":null}},{"start":{},"end":{}}],"line":89},"18":{"loc":{"start":{"line":89,"column":8},"end":{"line":89,"column":52}},"type":"binary-expr","locations":[{"start":{"line":89,"column":8},"end":{"line":89,"column":32}},{"start":{"line":89,"column":32},"end":{"line":89,"column":52}}],"line":89},"19":{"loc":{"start":{"line":95,"column":4},"end":{"line":97,"column":null}},"type":"if","locations":[{"start":{"line":95,"column":4},"end":{"line":97,"column":null}},{"start":{},"end":{}}],"line":95},"20":{"loc":{"start":{"line":105,"column":11},"end":{"line":116,"column":null}},"type":"cond-expr","locations":[{"start":{"line":106,"column":12},"end":{"line":114,"column":null}},{"start":{"line":116,"column":12},"end":{"line":116,"column":null}}],"line":105},"21":{"loc":{"start":{"line":120,"column":11},"end":{"line":125,"column":null}},"type":"binary-expr","locations":[{"start":{"line":120,"column":11},"end":{"line":120,"column":null}},{"start":{"line":121,"column":12},"end":{"line":125,"column":null}}],"line":120},"22":{"loc":{"start":{"line":124,"column":15},"end":{"line":124,"column":null}},"type":"cond-expr","locations":[{"start":{"line":124,"column":22},"end":{"line":124,"column":35}},{"start":{"line":124,"column":35},"end":{"line":124,"column":null}}],"line":124},"23":{"loc":{"start":{"line":145,"column":42},"end":{"line":145,"column":56}},"type":"binary-expr","locations":[{"start":{"line":145,"column":42},"end":{"line":145,"column":50}},{"start":{"line":145,"column":50},"end":{"line":145,"column":56}}],"line":145},"24":{"loc":{"start":{"line":147,"column":15},"end":{"line":147,"column":null}},"type":"binary-expr","locations":[{"start":{"line":147,"column":15},"end":{"line":147,"column":23}},{"start":{"line":147,"column":23},"end":{"line":147,"column":null}}],"line":147},"25":{"loc":{"start":{"line":160,"column":42},"end":{"line":160,"column":56}},"type":"binary-expr","locations":[{"start":{"line":160,"column":42},"end":{"line":160,"column":50}},{"start":{"line":160,"column":50},"end":{"line":160,"column":56}}],"line":160},"26":{"loc":{"start":{"line":162,"column":15},"end":{"line":162,"column":null}},"type":"binary-expr","locations":[{"start":{"line":162,"column":15},"end":{"line":162,"column":23}},{"start":{"line":162,"column":23},"end":{"line":162,"column":null}}],"line":162}},"s":{"0":0,"1":0,"2":0,"3":0,"4":0,"5":0,"6":0,"7":0,"8":0,"9":0,"10":0,"11":0,"12":0,"13":0,"14":0,"15":0,"16":0,"17":0,"18":0,"19":0,"20":0,"21":0,"22":0,"23":0,"24":0,"25":0,"26":0,"27":0,"28":0,"29":0,"30":0,"31":0,"32":0,"33":0,"34":0,"35":0,"36":0,"37":0,"38":0,"39":0,"40":0,"41":0,"42":0},"f":{"0":0,"1":0,"2":0,"3":0,"4":0,"5":0,"6":0,"7":0,"8":0,"9":0,"10":0},"b":{"0":[0,0,0,0],"1":[0,0],"2":[0,0,0],"3":[0,0,0],"4":[0,0],"5":[0,0],"6":[0,0],"7":[0,0,0],"8":[0,0],"9":[0,0],"10":[0,0],"11":[0,0],"12":[0,0],"13":[0,0],"14":[0,0,0],"15":[0,0],"16":[0,0,0],"17":[0,0],"18":[0,0],"19":[0,0],"20":[0,0],"21":[0,0],"22":[0,0],"23":[0,0],"24":[0,0],"25":[0,0],"26":[0,0]},"meta":{"lastBranch":27,"lastFunction":11,"lastStatement":43,"seen":{"f:13:9:13:25":0,"s:14:2:18:Infinity":0,"b:15:4:15:Infinity:16:4:16:Infinity:17:4:17:Infinity:18:4:18:Infinity":0,"f:22:9:22:30":1,"b:23:2:29:Infinity:undefined:undefined:undefined:undefined":1,"s:23:2:29:Infinity":1,"b:24:4:24:Infinity:25:4:25:Infinity:26:4:26:Infinity":2,"f:26:16:26:22":2,"s:26:16:26:89":2,"b:26:22:26:47:26:47:26:73:26:73:26:89":3,"s:28:4:28:Infinity":3,"s:30:2:30:Infinity":4,"f:33:16:33:38":3,"s:34:13:34:Infinity":5,"s:35:28:35:Infinity":6,"s:36:23:36:Infinity":7,"s:37:15:37:Infinity":8,"s:39:29:65:Infinity":9,"f:39:43:39:49":4,"s:40:19:40:Infinity":10,"s:41:19:41:Infinity":11,"b:43:4:54:Infinity:45:11:54:Infinity":4,"s:43:4:54:Infinity":12,"b:43:8:43:24:43:24:43:55":5,"s:44:6:44:Infinity":13,"s:46:21:46:Infinity":14,"b:47:6:53:Infinity:undefined:undefined:undefined:undefined":6,"s:47:6:53:Infinity":15,"b:47:10:47:20:47:20:47:45:47:45:47:66":7,"s:48:47:48:Infinity":16,"b:49:8:52:Infinity:undefined:undefined:undefined:undefined":8,"s:49:8:52:Infinity":17,"b:49:12:49:49:49:49:49:84":9,"s:50:10:50:Infinity":18,"s:51:10:51:Infinity":19,"s:56:22:56:Infinity":20,"s:58:6:62:Infinity":21,"b:59:10:59:Infinity:60:10:62:Infinity":10,"b:61:10:61:Infinity:62:10:62:Infinity":11,"s:64:4:64:Infinity":22,"s:67:16:69:Infinity":23,"f:67:30:67:36":5,"s:68:4:68:Infinity":24,"b:68:11:68:32:68:32:68:Infinity":12,"s:71:22:72:Infinity":25,"f:71:22:71:Infinity":6,"s:72:4:72:Infinity":26,"s:74:28:79:Infinity":27,"f:74:28:74:37":7,"s:75:21:75:Infinity":28,"b:76:4:78:Infinity:undefined:undefined:undefined:undefined":13,"s:76:4:78:Infinity":29,"b:76:8:76:35:76:35:76:54:76:54:76:76":14,"s:77:6:77:Infinity":30,"s:81:26:86:Infinity":31,"f:81:26:81:35":8,"s:82:21:82:Infinity":32,"b:83:4:85:Infinity:undefined:undefined:undefined:undefined":15,"s:83:4:85:Infinity":33,"b:83:8:83:35:83:35:83:54:83:54:83:76":16,"s:84:6:84:Infinity":34,"s:88:30:92:Infinity":35,"f:88:30:88:39":9,"b:89:4:91:Infinity:undefined:undefined:undefined:undefined":17,"s:89:4:91:Infinity":36,"b:89:8:89:32:89:32:89:52":18,"s:90:6:90:Infinity":37,"s:94:18:99:Infinity":38,"f:94:18:94:27":10,"b:95:4:97:Infinity:undefined:undefined:undefined:undefined":19,"s:95:4:97:Infinity":39,"s:96:6:96:Infinity":40,"s:98:4:98:Infinity":41,"s:101:2:173:Infinity":42,"b:106:12:114:Infinity:116:12:116:Infinity":20,"b:120:11:120:Infinity:121:12:125:Infinity":21,"b:124:22:124:35:124:35:124:Infinity":22,"b:145:42:145:50:145:50:145:56":23,"b:147:15:147:23:147:23:147:Infinity":24,"b:160:42:160:50:160:50:160:56":25,"b:162:15:162:23:162:23:162:Infinity":26}}}
,"C:\\Users\\usuario\\Documents\\Proyectos\\my-react-app\\src\\components\\data-table\\data-table-toolbar.jsx": {"path":"C:\\Users\\usuario\\Documents\\Proyectos\\my-react-app\\src\\components\\data-table\\data-table-toolbar.jsx","statementMap":{"0":{"start":{"line":22,"column":21},"end":{"line":22,"column":null}},"1":{"start":{"line":24,"column":18},"end":{"line":27,"column":null}},"2":{"start":{"line":25,"column":10},"end":{"line":25,"column":null}},"3":{"start":{"line":25,"column":51},"end":{"line":25,"column":72}},"4":{"start":{"line":29,"column":18},"end":{"line":31,"column":null}},"5":{"start":{"line":30,"column":4},"end":{"line":30,"column":null}},"6":{"start":{"line":33,"column":2},"end":{"line":76,"column":null}},"7":{"start":{"line":49,"column":14},"end":{"line":49,"column":null}},"8":{"start":{"line":55,"column":10},"end":{"line":55,"column":null}},"9":{"start":{"line":82,"column":21},"end":{"line":82,"column":null}},"10":{"start":{"line":84,"column":25},"end":{"line":149,"column":null}},"11":{"start":{"line":85,"column":4},"end":{"line":85,"column":null}},"12":{"start":{"line":85,"column":30},"end":{"line":85,"column":null}},"13":{"start":{"line":87,"column":4},"end":{"line":148,"column":null}},"14":{"start":{"line":89,"column":8},"end":{"line":95,"column":null}},"15":{"start":{"line":93,"column":33},"end":{"line":93,"column":null}},"16":{"start":{"line":99,"column":8},"end":{"line":114,"column":null}},"17":{"start":{"line":106,"column":35},"end":{"line":106,"column":null}},"18":{"start":{"line":118,"column":8},"end":{"line":122,"column":null}},"19":{"start":{"line":127,"column":8},"end":{"line":132,"column":null}},"20":{"start":{"line":137,"column":8},"end":{"line":143,"column":null}},"21":{"start":{"line":147,"column":8},"end":{"line":147,"column":null}},"22":{"start":{"line":151,"column":2},"end":{"line":151,"column":null}}},"fnMap":{"0":{"name":"DataTableToolbar","decl":{"start":{"line":14,"column":16},"end":{"line":14,"column":33}},"loc":{"start":{"line":21,"column":3},"end":{"line":78,"column":null}},"line":21},"1":{"name":"(anonymous_1)","decl":{"start":{"line":25,"column":4},"end":{"line":25,"column":10}},"loc":{"start":{"line":25,"column":10},"end":{"line":25,"column":null}},"line":25},"2":{"name":"(anonymous_2)","decl":{"start":{"line":25,"column":39},"end":{"line":25,"column":40}},"loc":{"start":{"line":25,"column":51},"end":{"line":25,"column":72}},"line":25},"3":{"name":"(anonymous_3)","decl":{"start":{"line":29,"column":36},"end":{"line":29,"column":42}},"loc":{"start":{"line":29,"column":42},"end":{"line":31,"column":5}},"line":29},"4":{"name":"(anonymous_4)","decl":{"start":{"line":48,"column":22},"end":{"line":48,"column":23}},"loc":{"start":{"line":49,"column":14},"end":{"line":49,"column":null}},"line":49},"5":{"name":"(anonymous_5)","decl":{"start":{"line":54,"column":21},"end":{"line":54,"column":22}},"loc":{"start":{"line":55,"column":10},"end":{"line":55,"column":null}},"line":55},"6":{"name":"DataTableToolbarFilter","decl":{"start":{"line":81,"column":9},"end":{"line":81,"column":32}},"loc":{"start":{"line":81,"column":44},"end":{"line":152,"column":null}},"line":81},"7":{"name":"(anonymous_7)","decl":{"start":{"line":84,"column":43},"end":{"line":84,"column":49}},"loc":{"start":{"line":84,"column":49},"end":{"line":149,"column":5}},"line":84},"8":{"name":"(anonymous_8)","decl":{"start":{"line":93,"column":22},"end":{"line":93,"column":23}},"loc":{"start":{"line":93,"column":33},"end":{"line":93,"column":null}},"line":93},"9":{"name":"(anonymous_9)","decl":{"start":{"line":106,"column":24},"end":{"line":106,"column":25}},"loc":{"start":{"line":106,"column":35},"end":{"line":106,"column":null}},"line":106}},"branchMap":{"0":{"loc":{"start":{"line":44,"column":9},"end":{"line":52,"column":null}},"type":"binary-expr","locations":[{"start":{"line":44,"column":9},"end":{"line":44,"column":null}},{"start":{"line":45,"column":10},"end":{"line":52,"column":null}}],"line":44},"1":{"loc":{"start":{"line":46,"column":25},"end":{"line":46,"column":null}},"type":"binary-expr","locations":[{"start":{"line":46,"column":25},"end":{"line":46,"column":40}},{"start":{"line":46,"column":40},"end":{"line":46,"column":null}}],"line":46},"2":{"loc":{"start":{"line":47,"column":19},"end":{"line":47,"column":null}},"type":"binary-expr","locations":[{"start":{"line":47,"column":19},"end":{"line":47,"column":70}},{"start":{"line":47,"column":70},"end":{"line":47,"column":null}}],"line":47},"3":{"loc":{"start":{"line":58,"column":9},"end":{"line":68,"column":null}},"type":"binary-expr","locations":[{"start":{"line":58,"column":9},"end":{"line":58,"column":null}},{"start":{"line":59,"column":10},"end":{"line":68,"column":null}}],"line":58},"4":{"loc":{"start":{"line":85,"column":4},"end":{"line":85,"column":null}},"type":"if","locations":[{"start":{"line":85,"column":4},"end":{"line":85,"column":null}},{"start":{},"end":{}}],"line":85},"5":{"loc":{"start":{"line":87,"column":4},"end":{"line":148,"column":null}},"type":"switch","locations":[{"start":{"line":88,"column":6},"end":{"line":95,"column":null}},{"start":{"line":98,"column":6},"end":{"line":114,"column":null}},{"start":{"line":117,"column":6},"end":{"line":122,"column":null}},{"start":{"line":125,"column":6},"end":{"line":125,"column":null}},{"start":{"line":126,"column":6},"end":{"line":132,"column":null}},{"start":{"line":135,"column":6},"end":{"line":135,"column":null}},{"start":{"line":136,"column":6},"end":{"line":143,"column":null}},{"start":{"line":146,"column":6},"end":{"line":147,"column":null}}],"line":87},"6":{"loc":{"start":{"line":91,"column":25},"end":{"line":91,"column":null}},"type":"binary-expr","locations":[{"start":{"line":91,"column":25},"end":{"line":91,"column":51}},{"start":{"line":91,"column":51},"end":{"line":91,"column":null}}],"line":91},"7":{"loc":{"start":{"line":92,"column":19},"end":{"line":92,"column":null}},"type":"binary-expr","locations":[{"start":{"line":92,"column":19},"end":{"line":92,"column":46}},{"start":{"line":92,"column":46},"end":{"line":92,"column":null}}],"line":92},"8":{"loc":{"start":{"line":104,"column":27},"end":{"line":104,"column":null}},"type":"binary-expr","locations":[{"start":{"line":104,"column":27},"end":{"line":104,"column":53}},{"start":{"line":104,"column":53},"end":{"line":104,"column":null}}],"line":104},"9":{"loc":{"start":{"line":105,"column":21},"end":{"line":105,"column":null}},"type":"binary-expr","locations":[{"start":{"line":105,"column":21},"end":{"line":105,"column":48}},{"start":{"line":105,"column":48},"end":{"line":105,"column":null}}],"line":105},"10":{"loc":{"start":{"line":107,"column":45},"end":{"line":107,"column":70}},"type":"binary-expr","locations":[{"start":{"line":107,"column":45},"end":{"line":107,"column":64}},{"start":{"line":107,"column":64},"end":{"line":107,"column":70}}],"line":107},"11":{"loc":{"start":{"line":109,"column":13},"end":{"line":112,"column":null}},"type":"binary-expr","locations":[{"start":{"line":109,"column":13},"end":{"line":109,"column":null}},{"start":{"line":110,"column":14},"end":{"line":112,"column":null}}],"line":109},"12":{"loc":{"start":{"line":121,"column":19},"end":{"line":121,"column":null}},"type":"binary-expr","locations":[{"start":{"line":121,"column":19},"end":{"line":121,"column":39}},{"start":{"line":121,"column":39},"end":{"line":121,"column":null}}],"line":121},"13":{"loc":{"start":{"line":130,"column":19},"end":{"line":130,"column":null}},"type":"binary-expr","locations":[{"start":{"line":130,"column":19},"end":{"line":130,"column":39}},{"start":{"line":130,"column":39},"end":{"line":130,"column":null}}],"line":130},"14":{"loc":{"start":{"line":140,"column":19},"end":{"line":140,"column":null}},"type":"binary-expr","locations":[{"start":{"line":140,"column":19},"end":{"line":140,"column":39}},{"start":{"line":140,"column":39},"end":{"line":140,"column":null}}],"line":140},"15":{"loc":{"start":{"line":141,"column":21},"end":{"line":141,"column":null}},"type":"binary-expr","locations":[{"start":{"line":141,"column":21},"end":{"line":141,"column":43}},{"start":{"line":141,"column":43},"end":{"line":141,"column":null}}],"line":141}},"s":{"0":12,"1":12,"2":3,"3":21,"4":12,"5":0,"6":12,"7":4,"8":60,"9":60,"10":60,"11":60,"12":60,"13":0,"14":0,"15":0,"16":0,"17":0,"18":0,"19":0,"20":0,"21":0,"22":60},"f":{"0":12,"1":3,"2":21,"3":0,"4":4,"5":60,"6":60,"7":60,"8":0,"9":0},"b":{"0":[12,12],"1":[12,0],"2":[12,3],"3":[12,9],"4":[60,0],"5":[0,0,0,0,0,0,0,0],"6":[0,0],"7":[0,0],"8":[0,0],"9":[0,0],"10":[0,0],"11":[0,0],"12":[0,0],"13":[0,0],"14":[0,0],"15":[0,0]},"meta":{"lastBranch":16,"lastFunction":10,"lastStatement":23,"seen":{"f:14:16:14:33":0,"s:22:21:22:Infinity":0,"s:24:18:27:Infinity":1,"f:25:4:25:10":1,"s:25:10:25:Infinity":2,"f:25:39:25:40":2,"s:25:51:25:72":3,"s:29:18:31:Infinity":4,"f:29:36:29:42":3,"s:30:4:30:Infinity":5,"s:33:2:76:Infinity":6,"b:44:9:44:Infinity:45:10:52:Infinity":0,"b:46:25:46:40:46:40:46:Infinity":1,"b:47:19:47:70:47:70:47:Infinity":2,"f:48:22:48:23":4,"s:49:14:49:Infinity":7,"f:54:21:54:22":5,"s:55:10:55:Infinity":8,"b:58:9:58:Infinity:59:10:68:Infinity":3,"f:81:9:81:32":6,"s:82:21:82:Infinity":9,"s:84:25:149:Infinity":10,"f:84:43:84:49":7,"b:85:4:85:Infinity:undefined:undefined:undefined:undefined":4,"s:85:4:85:Infinity":11,"s:85:30:85:Infinity":12,"b:88:6:95:Infinity:98:6:114:Infinity:117:6:122:Infinity:125:6:125:Infinity:126:6:132:Infinity:135:6:135:Infinity:136:6:143:Infinity:146:6:147:Infinity":5,"s:87:4:148:Infinity":13,"s:89:8:95:Infinity":14,"b:91:25:91:51:91:51:91:Infinity":6,"b:92:19:92:46:92:46:92:Infinity":7,"f:93:22:93:23":8,"s:93:33:93:Infinity":15,"s:99:8:114:Infinity":16,"b:104:27:104:53:104:53:104:Infinity":8,"b:105:21:105:48:105:48:105:Infinity":9,"f:106:24:106:25":9,"s:106:35:106:Infinity":17,"b:107:45:107:64:107:64:107:70":10,"b:109:13:109:Infinity:110:14:112:Infinity":11,"s:118:8:122:Infinity":18,"b:121:19:121:39:121:39:121:Infinity":12,"s:127:8:132:Infinity":19,"b:130:19:130:39:130:39:130:Infinity":13,"s:137:8:143:Infinity":20,"b:140:19:140:39:140:39:140:Infinity":14,"b:141:21:141:43:141:43:141:Infinity":15,"s:147:8:147:Infinity":21,"s:151:2:151:Infinity":22}}}
[...]
olumn":null}},"line":30},"2":{"name":"(anonymous_2)","decl":{"start":{"line":39,"column":48},"end":{"line":39,"column":49}},"loc":{"start":{"line":40,"column":2},"end":{"line":45,"column":null}},"line":40},"3":{"name":"(anonymous_3)","decl":{"start":{"line":50,"column":39},"end":{"line":50,"column":40}},"loc":{"start":{"line":51,"column":2},"end":{"line":70,"column":null}},"line":51},"4":{"name":"(anonymous_4)","decl":{"start":{"line":74,"column":37},"end":{"line":74,"column":38}},"loc":{"start":{"line":75,"column":2},"end":{"line":78,"column":null}},"line":75},"5":{"name":"(anonymous_5)","decl":{"start":{"line":82,"column":36},"end":{"line":82,"column":37}},"loc":{"start":{"line":83,"column":2},"end":{"line":96,"column":null}},"line":83},"6":{"name":"(anonymous_6)","decl":{"start":{"line":100,"column":41},"end":{"line":100,"column":42}},"loc":{"start":{"line":101,"column":2},"end":{"line":104,"column":null}},"line":101}},"branchMap":{"0":{"loc":{"start":{"line":50,"column":63},"end":{"line":50,"column":84}},"type":"default-arg","locations":[{"start":{"line":50,"column":74},"end":{"line":50,"column":84}}],"line":50},"1":{"loc":{"start":{"line":56,"column":8},"end":{"line":57,"column":null}},"type":"binary-expr","locations":[{"start":{"line":56,"column":8},"end":{"line":56,"column":null}},{"start":{"line":57,"column":10},"end":{"line":57,"column":null}}],"line":56},"2":{"loc":{"start":{"line":64,"column":29},"end":{"line":65,"column":99}},"type":"binary-expr","locations":[{"start":{"line":64,"column":29},"end":{"line":64,"column":null}},{"start":{"line":65,"column":10},"end":{"line":65,"column":99}}],"line":64}},"s":{"0":3,"1":3,"2":3,"3":3,"4":12,"5":3,"6":3,"7":12,"8":3,"9":3,"10":12,"11":3,"12":3,"13":12,"14":3,"15":3,"16":0,"17":3,"18":3,"19":60,"20":3,"21":3,"22":0,"23":3},"f":{"0":12,"1":12,"2":12,"3":12,"4":0,"5":60,"6":0},"b":{"0":[12],"1":[12,12],"2":[12,12]},"meta":{"lastBranch":3,"lastFunction":7,"lastStatement":24,"seen":{"s:7:15:7:Infinity":0,"s:9:20:9:Infinity":1,"s:11:20:11:Infinity":2,"s:13:22:26:Infinity":3,"f:13:39:13:40":0,"s:14:2:25:Infinity":4,"s:27:0:27:Infinity":5,"s:29:29:36:Infinity":6,"f:29:46:29:47":1,"s:30:2:35:Infinity":7,"s:37:0:37:Infinity":8,"s:39:31:46:Infinity":9,"f:39:48:39:49":2,"s:40:2:45:Infinity":10,"s:47:0:48:Infinity":11,"s:50:22:71:Infinity":12,"f:50:39:50:40":3,"s:51:2:70:Infinity":13,"b:50:74:50:84":0,"b:56:8:56:Infinity:57:10:57:Infinity":1,"b:64:29:64:Infinity:65:10:65:99":2,"s:72:0:72:Infinity":14,"s:74:20:79:Infinity":15,"f:74:37:74:38":4,"s:75:2:78:Infinity":16,"s:80:0:80:Infinity":17,"s:82:19:97:Infinity":18,"f:82:36:82:37":5,"s:83:2:96:Infinity":19,"s:98:0:98:Infinity":20,"s:100:24:105:Infinity":21,"f:100:41:100:42":6,"s:101:2:104:Infinity":22,"s:106:0:106:Infinity":23}}}
,"C:\\Users\\usuario\\Documents\\Proyectos\\my-react-app\\src\\components\\ui\\separator.jsx": {"path":"C:\\Users\\usuario\\Documents\\Proyectos\\my-react-app\\src\\components\\ui\\separator.jsx","statementMap":{"0":{"start":{"line":5,"column":18},"end":{"line":19,"column":null}},"1":{"start":{"line":7,"column":4},"end":{"line":17,"column":null}},"2":{"start":{"line":20,"column":0},"end":{"line":20,"column":null}}},"fnMap":{"0":{"name":"(anonymous_0)","decl":{"start":{"line":6,"column":2},"end":{"line":6,"column":3}},"loc":{"start":{"line":7,"column":4},"end":{"line":17,"column":null}},"line":7}},"branchMap":{"0":{"loc":{"start":{"line":6,"column":16},"end":{"line":6,"column":44}},"type":"default-arg","locations":[{"start":{"line":6,"column":30},"end":{"line":6,"column":44}}],"line":6},"1":{"loc":{"start":{"line":6,"column":44},"end":{"line":6,"column":63}},"type":"default-arg","locations":[{"start":{"line":6,"column":57},"end":{"line":6,"column":63}}],"line":6},"2":{"loc":{"start":{"line":13,"column":8},"end":{"line":13,"column":null}},"type":"cond-expr","locations":[{"start":{"line":13,"column":39},"end":{"line":13,"column":58}},{"start":{"line":13,"column":58},"end":{"line":13,"column":null}}],"line":13}},"s":{"0":2,"1":0,"2":2},"f":{"0":0},"b":{"0":[0],"1":[0],"2":[0,0]},"meta":{"lastBranch":3,"lastFunction":1,"lastStatement":3,"seen":{"s:5:18:19:Infinity":0,"f:6:2:6:3":0,"s:7:4:17:Infinity":1,"b:6:30:6:44":0,"b:6:57:6:63":1,"b:13:39:13:58:13:58:13:Infinity":2,"s:20:0:20:Infinity":2}}}
,"C:\\Users\\usuario\\Documents\\Proyectos\\my-react-app\\src\\components\\ui\\skeleton.jsx": {"path":"C:\\Users\\usuario\\Documents\\Proyectos\\my-react-app\\src\\components\\ui\\skeleton.jsx","statementMap":{"0":{"start":{"line":7,"column":2},"end":{"line":11,"column":null}}},"fnMap":{"0":{"name":"Skeleton","decl":{"start":{"line":3,"column":9},"end":{"line":3,"column":18}},"loc":{"start":{"line":6,"column":3},"end":{"line":13,"column":null}},"line":6}},"branchMap":{},"s":{"0":0},"f":{"0":0},"b":{},"meta":{"lastBranch":0,"lastFunction":1,"lastStatement":1,"seen":{"f:3:9:3:18":0,"s:7:2:11:Infinity":0}}}
,"C:\\Users\\usuario\\Documents\\Proyectos\\my-react-app\\src\\components\\ui\\slider.jsx": {"path":"C:\\Users\\usuario\\Documents\\Proyectos\\my-react-app\\src\\components\\ui\\slider.jsx","statementMap":{"0":{"start":{"line":5,"column":15},"end":{"line":19,"column":null}},"1":{"start":{"line":6,"column":2},"end":{"line":18,"column":null}},"2":{"start":{"line":20,"column":0},"end":{"line":20,"column":null}}},"fnMap":{"0":{"name":"(anonymous_0)","decl":{"start":{"line":5,"column":32},"end":{"line":5,"column":33}},"loc":{"start":{"line":6,"column":2},"end":{"line":18,"column":null}},"line":6}},"branchMap":{},"s":{"0":2,"1":0,"2":2},"f":{"0":0},"b":{},"meta":{"lastBranch":0,"lastFunction":1,"lastStatement":3,"seen":{"s:5:15:19:Infinity":0,"f:5:32:5:33":0,"s:6:2:18:Infinity":1,"s:20:0:20:Infinity":2}}}
,"C:\\Users\\usuario\\Documents\\Proyectos\\my-react-app\\src\\components\\ui\\table.jsx": {"path":"C:\\Users\\usuario\\Documents\\Proyectos\\my-react-app\\src\\components\\ui\\table.jsx","statementMap":{"0":{"start":{"line":5,"column":14},"end":{"line":12,"column":null}},"1":{"start":{"line":6,"column":2},"end":{"line":11,"column":null}},"2":{"start":{"line":13,"column":0},"end":{"line":13,"column":null}},"3":{"start":{"line":15,"column":20},"end":{"line":17,"column":null}},"4":{"start":{"line":16,"column":2},"end":{"line":16,"column":null}},"5":{"start":{"line":18,"column":0},"end":{"line":18,"column":null}},"6":{"start":{"line":20,"column":18},"end":{"line":25,"column":null}},"7":{"start":{"line":21,"column":2},"end":{"line":24,"column":null}},"8":{"start":{"line":26,"column":0},"end":{"line":26,"column":null}},"9":{"start":{"line":28,"column":20},"end":{"line":33,"column":null}},"10":{"start":{"line":29,"column":2},"end":{"line":32,"column":null}},"11":{"start":{"line":34,"column":0},"end":{"line":34,"column":null}},"12":{"start":{"line":36,"column":17},"end":{"line":44,"column":null}},"13":{"start":{"line":37,"column":2},"end":{"line":43,"column":null}},"14":{"start":{"line":45,"column":0},"end":{"line":45,"column":null}},"15":{"start":{"line":47,"column":18},"end":{"line":55,"column":null}},"16":{"start":{"line":48,"column":2},"end":{"line":54,"column":null}},"17":{"start":{"line":56,"column":0},"end":{"line":56,"column":null}},"18":{"start":{"line":58,"column":18},"end":{"line":66,"column":null}},"19":{"start":{"line":59,"column":2},"end":{"line":65,"column":null}},"20":{"start":{"line":67,"column":0},"end":{"line":67,"column":null}},"21":{"start":{"line":69,"column":21},"end":{"line":74,"column":null}},"22":{"start":{"line":70,"column":2},"end":{"line":73,"column":null}},"23":{"start":{"line":75,"column":0},"end":{"line":75,"column":null}}},"fnMap":{"0":{"name":"(anonymous_0)","decl":{"start":{"line":5,"column":31},"end":{"line":5,"column":32}},"loc":{"start":{"line":6,"column":2},"end":{"line":11,"column":null}},"line":6},"1":{"name":"(anonymous_1)","decl":{"start":{"line":15,"column":37},"end":{"line":15,"column":38}},"loc":{"start":{"line":16,"column":2},"end":{"line":16,"column":null}},"line":16},"2":{"name":"(anonymous_2)","decl":{"start":{"line":20,"column":35},"end":{"line":20,"column":36}},"loc":{"start":{"line":21,"column":2},"end":{"line":24,"column":null}},"line":21},"3":{"name":"(anonymous_3)","decl":{"start":{"line":28,"column":37},"end":{"line":28,"column":38}},"loc":{"start":{"line":29,"column":2},"end":{"line":32,"column":null}},"line":29},"4":{"name":"(anonymous_4)","decl":{"start":{"line":36,"column":34},"end":{"line":36,"column":35}},"loc":{"start":{"line":37,"column":2},"end":{"line":43,"column":null}},"line":37},"5":{"name":"(anonymous_5)","decl":{"start":{"line":47,"column":35},"end":{"line":47,"column":36}},"loc":{"start":{"line":48,"column":2},"end":{"line":54,"column":null}},"line":48},"6":{"name":"(anonymous_6)","decl":{"start":{"line":58,"column":35},"end":{"line":58,"column":36}},"loc":{"start":{"line":59,"column":2},"end":{"line":65,"column":null}},"line":59},"7":{"name":"(anonymous_7)","decl":{"start":{"line":69,"column":38},"end":{"line":69,"column":39}},"loc":{"start":{"line":70,"column":2},"end":{"line":73,"column":null}},"line":70}},"branchMap":{},"s":{"0":2,"1":12,"2":2,"3":2,"4":12,"5":2,"6":2,"7":12,"8":2,"9":2,"10":0,"11":2,"12":2,"13":25,"14":2,"15":2,"16":84,"17":2,"18":2,"19":25,"20":2,"21":2,"22":0,"23":2},"f":{"0":12,"1":12,"2":12,"3":0,"4":25,"5":84,"6":25,"7":0},"b":{},"meta":{"lastBranch":0,"lastFunction":8,"lastStatement":24,"seen":{"s:5:14:12:Infinity":0,"f:5:31:5:32":0,"s:6:2:11:Infinity":1,"s:13:0:13:Infinity":2,"s:15:20:17:Infinity":3,"f:15:37:15:38":1,"s:16:2:16:Infinity":4,"s:18:0:18:Infinity":5,"s:20:18:25:Infinity":6,"f:20:35:20:36":2,"s:21:2:24:Infinity":7,"s:26:0:26:Infinity":8,"s:28:20:33:Infinity":9,"f:28:37:28:38":3,"s:29:2:32:Infinity":10,"s:34:0:34:Infinity":11,"s:36:17:44:Infinity":12,"f:36:34:36:35":4,"s:37:2:43:Infinity":13,"s:45:0:45:Infinity":14,"s:47:18:55:Infinity":15,"f:47:35:47:36":5,"s:48:2:54:Infinity":16,"s:56:0:56:Infinity":17,"s:58:18:66:Infinity":18,"f:58:35:58:36":6,"s:59:2:65:Infinity":19,"s:67:0:67:Infinity":20,"s:69:21:74:Infinity":21,"f:69:38:69:39":7,"s:70:2:73:Infinity":22,"s:75:0:75:Infinity":23}}}
,"C:\\Users\\usuario\\Documents\\Proyectos\\my-react-app\\src\\config\\data-table.js": {"path":"C:\\Users\\usuario\\Documents\\Proyectos\\my-react-app\\src\\config\\data-table.js","statementMap":{"0":{"start":{"line":1,"column":31},"end":{"line":24,"column":1}}},"fnMap":{},"branchMap":{},"s":{"0":2},"f":{},"b":{},"meta":{"lastBranch":0,"lastFunction":0,"lastStatement":1,"seen":{"s:1:31:24:1":0}}}
,"C:\\Users\\usuario\\Documents\\Proyectos\\my-react-app\\src\\lib\\data-table.js": {"path":"C:\\Users\\usuario\\Documents\\Proyectos\\my-react-app\\src\\lib\\data-table.js","statementMap":{"0":{"start":{"line":5,"column":19},"end":{"line":5,"column":39}},"1":{"start":{"line":7,"column":2},"end":{"line":13,"column":3}},"2":{"start":{"line":17,"column":22},"end":{"line":26,"column":1}},"3":{"start":{"line":28,"column":24},"end":{"line":38,"column":1}},"4":{"start":{"line":40,"column":22},"end":{"line":50,"column":1}},"5":{"start":{"line":52,"column":24},"end":{"line":57,"column":1}},"6":{"start":{"line":59,"column":29},"end":{"line":65,"column":1}},"7":{"start":{"line":67,"column":25},"end":{"line":67,"column":59}},"8":{"start":{"line":71,"column":2},"end":{"line":86,"column":3}},"9":{"start":{"line":73,"column":6},"end":{"line":73,"column":26}},"10":{"start":{"line":75,"column":6},"end":{"line":75,"column":28}},"11":{"start":{"line":77,"column":6},"end":{"line":77,"column":26}},"12":{"start":{"line":79,"column":6},"end":{"line":79,"column":28}},"13":{"start":{"line":81,"column":6},"end":{"line":81,"column":33}},"14":{"start":{"line":83,"column":6},"end":{"line":83,"column":29}},"15":{"start":{"line":85,"column":6},"end":{"line":85,"column":26}},"16":{"start":{"line":91,"column":2},"end":{"line":106,"column":3}},"17":{"start":{"line":93,"column":6},"end":{"line":93,"column":23}},"18":{"start":{"line":95,"column":6},"end":{"line":95,"column":21}},"19":{"start":{"line":97,"column":6},"end":{"line":97,"column":21}},"20":{"start":{"line":99,"column":6},"end":{"line":99,"column":21}},"21":{"start":{"line":101,"column":6},"end":{"line":101,"column":23}},"22":{"start":{"line":103,"column":6},"end":{"line":103,"column":21}},"23":{"start":{"line":105,"column":6},"end":{"line":105,"column":23}}},"fnMap":{"0":{"name":"getCommonPinningStyles","decl":{"start":{"line":4,"column":16},"end":{"line":4,"column":38}},"loc":{"start":{"line":4,"column":51},"end":{"line":14,"column":1}},"line":4},"1":{"name":"getFilterOperators","decl":{"start":{"line":70,"column":16},"end":{"line":70,"column":34}},"loc":{"start":{"line":70,"column":41},"end":{"line":87,"column":1}},"line":70},"2":{"name":"getDefaultFilterOperator","decl":{"start":{"line":90,"column":16},"end":{"line":90,"column":40}},"loc":{"start":{"line":90,"column":47},"end":{"line":107,"column":1}},"line":90}},"branchMap":{"0":{"loc":{"start":{"line":8,"column":10},"end":{"line":8,"column":74}},"type":"cond-expr","locations":[{"start":{"line":8,"column":32},"end":{"line":8,"column":62}},{"start":{"line":8,"column":65},"end":{"line":8,"column":74}}],"line":8},"1":{"loc":{"start":{"line":9,"column":11},"end":{"line":9,"column":77}},"type":"cond-expr","locations":[{"start":{"line":9,"column":34},"end":{"line":9,"column":65}},{"start":{"line":9,"column":68},"end":{"line":9,"column":77}}],"line":9},"2":{"loc":{"start":{"line":10,"column":14},"end":{"line":10,"column":46}},"type":"cond-expr","locations":[{"start":{"line":10,"column":25},"end":{"line":10,"column":33}},{"start":{"line":10,"column":36},"end":{"line":10,"column":46}}],"line":10},"3":{"loc":{"start":{"line":12,"column":12},"end":{"line":12,"column":28}},"type":"cond-expr","locations":[{"start":{"line":12,"column":23},"end":{"line":12,"column":24}},{"start":{"line":12,"column":27},"end":{"line":12,"column":28}}],"line":12},"4":{"loc":{"start":{"line":71,"column":2},"end":{"line":86,"column":3}},"type":"switch","locations":[{"start":{"line":72,"column":4},"end":{"line":73,"column":26}},{"start":{"line":74,"column":4},"end":{"line":75,"column":28}},{"start":{"line":76,"column":4},"end":{"line":77,"column":26}},{"start":{"line":78,"column":4},"end":{"line":79,"column":28}},{"start":{"line":80,"column":4},"end":{"line":81,"column":33}},{"start":{"line":82,"column":4},"end":{"line":83,"column":29}},{"start":{"line":84,"column":4},"end":{"line":85,"column":26}}],"line":71},"5":{"loc":{"start":{"line":91,"column":2},"end":{"line":106,"column":3}},"type":"switch","locations":[{"start":{"line":92,"column":4},"end":{"line":93,"column":23}},{"start":{"line":94,"column":4},"end":{"line":95,"column":21}},{"start":{"line":96,"column":4},"end":{"line":97,"column":21}},{"start":{"line":98,"column":4},"end":{"line":99,"column":21}},{"start":{"line":100,"column":4},"end":{"line":101,"column":23}},{"start":{"line":102,"column":4},"end":{"line":103,"column":21}},{"start":{"line":104,"column":4},"end":{"line":105,"column":23}}],"line":91}},"s":{"0":98,"1":98,"2":2,"3":2,"4":2,"5":2,"6":2,"7":2,"8":0,"9":0,"10":0,"11":0,"12":0,"13":0,"14":0,"15":0,"16":0,"17":0,"18":0,"19":0,"20":0,"21":0,"22":0,"23":0},"f":{"0":98,"1":0,"2":0},"b":{"0":[0,98],"1":[0,98],"2":[0,98],"3":[0,98],"4":[0,0,0,0,0,0,0],"5":[0,0,0,0,0,0,0]},"meta":{"lastBranch":6,"lastFunction":3,"lastStatement":24,"seen":{"f:4:16:4:38":0,"s:5:19:5:39":0,"s:7:2:13:3":1,"b:8:32:8:62:8:65:8:74":0,"b:9:34:9:65:9:68:9:77":1,"b:10:25:10:33:10:36:10:46":2,"b:12:23:12:24:12:27:12:28":3,"s:17:22:26:1":2,"s:28:24:38:1":3,"s:40:22:50:1":4,"s:52:24:57:1":5,"s:59:29:65:1":6,"s:67:25:67:59":7,"f:70:16:70:34":1,"b:72:4:73:26:74:4:75:28:76:4:77:26:78:4:79:28:80:4:81:33:82:4:83:29:84:4:85:26":4,"s:71:2:86:3":8,"s:73:6:73:26":9,"s:75:6:75:28":10,"s:77:6:77:26":11,"s:79:6:79:28":12,"s:81:6:81:33":13,"s:83:6:83:29":14,"s:85:6:85:26":15,"f:90:16:90:40":2,"b:92:4:93:23:94:4:95:21:96:4:97:21:98:4:99:21:100:4:101:23:102:4:103:21:104:4:105:23":5,"s:91:2:106:3":16,"s:93:6:93:23":17,"s:95:6:95:21":18,"s:97:6:97:21":19,"s:99:6:99:21":20,"s:101:6:101:23":21,"s:103:6:103:21":22,"s:105:6:105:23":23}}}
,"C:\\Users\\usuario\\Documents\\Proyectos\\my-react-app\\src\\lib\\format.js": {"path":"C:\\Users\\usuario\\Documents\\Proyectos\\my-react-app\\src\\lib\\format.js","statementMap":{"0":{"start":{"line":2,"column":2},"end":{"line":2,"column":22}},"1":{"start":{"line":2,"column":13},"end":{"line":2,"column":22}},"2":{"start":{"line":4,"column":25},"end":{"line":9,"column":3}},"3":{"start":{"line":11,"column":2},"end":{"line":11,"column":67}},"4":{"start":{"line":15,"column":2},"end":{"line":15,"column":22}},"5":{"start":{"line":15,"column":13},"end":{"line":15,"column":22}},"6":{"start":{"line":17,"column":25},"end":{"line":24,"column":3}},"7":{"start":{"line":26,"column":2},"end":{"line":26,"column":67}},"8":{"start":{"line":30,"column":2},"end":{"line":33,"column":19}},"9":{"start":{"line":37,"column":2},"end":{"line":37,"column":63}}},"fnMap":{"0":{"name":"formatDate","decl":{"start":{"line":1,"column":16},"end":{"line":1,"column":26}},"loc":{"start":{"line":1,"column":47},"end":{"line":12,"column":1}},"line":1},"1":{"name":"formatDateTime","decl":{"start":{"line":14,"column":16},"end":{"line":14,"column":30}},"loc":{"start":{"line":14,"column":51},"end":{"line":27,"column":1}},"line":14},"2":{"name":"formatCurrency","decl":{"start":{"line":29,"column":16},"end":{"line":29,"column":30}},"loc":{"start":{"line":29,"column":57},"end":{"line":34,"column":1}},"line":29},"3":{"name":"formatNumber","decl":{"start":{"line":36,"column":16},"end":{"line":36,"column":28}},"loc":{"start":{"line":36,"column":51},"end":{"line":38,"column":1}},"line":36}},"branchMap":{"0":{"loc":{"start":{"line":1,"column":33},"end":{"line":1,"column":45}},"type":"default-arg","locations":[{"start":{"line":1,"column":43},"end":{"line":1,"column":45}}],"line":1},"1":{"loc":{"start":{"line":2,"column":2},"end":{"line":2,"column":22}},"type":"if","locations":[{"start":{"line":2,"column":2},"end":{"line":2,"column":22}},{"start":{},"end":{}}],"line":2},"2":{"loc":{"start":{"line":14,"column":37},"end":{"line":14,"column":49}},"type":"default-arg","locations":[{"start":{"line":14,"column":47},"end":{"line":14,"column":49}}],"line":14},"3":{"loc":{"start":{"line":15,"column":2},"end":{"line":15,"column":22}},"type":"if","locations":[{"start":{"line":15,"column":2},"end":{"line":15,"column":22}},{"start":{},"end":{}}],"line":15},"4":{"loc":{"start":{"line":29,"column":39},"end":{"line":29,"column":55}},"type":"default-arg","locations":[{"start":{"line":29,"column":50},"end":{"line":29,"column":55}}],"line":29},"5":{"loc":{"start":{"line":36,"column":37},"end":{"line":36,"column":49}},"type":"default-arg","locations":[{"start":{"line":36,"column":47},"end":{"line":36,"column":49}}],"line":36}},"s":{"0":0,"1":0,"2":0,"3":0,"4":0,"5":0,"6":0,"7":0,"8":0,"9":0},"f":{"0":0,"1":0,"2":0,"3":0},"b":{"0":[0],"1":[0,0],"2":[0],"3":[0,0],"4":[0],"5":[0]},"meta":{"lastBranch":6,"lastFunction":4,"lastStatement":10,"seen":{"f:1:16:1:26":0,"b:1:43:1:45":0,"b:2:2:2:22:undefined:undefined:undefined:undefined":1,"s:2:2:2:22":0,"s:2:13:2:22":1,"s:4:25:9:3":2,"s:11:2:11:67":3,"f:14:16:14:30":1,"b:14:47:14:49":2,"b:15:2:15:22:undefined:undefined:undefined:undefined":3,"s:15:2:15:22":4,"s:15:13:15:22":5,"s:17:25:24:3":6,"s:26:2:26:67":7,"f:29:16:29:30":2,"b:29:50:29:55":4,"s:30:2:33:19":8,"f:36:16:36:28":3,"b:36:47:36:49":5,"s:37:2:37:63":9}}}
,"C:\\Users\\usuario\\Documents\\Proyectos\\my-react-app\\src\\lib\\utils.js": {"path":"C:\\Users\\usuario\\Documents\\Proyectos\\my-react-app\\src\\lib\\utils.js","statementMap":{"0":{"start":{"line":5,"column":2},"end":{"line":5,"column":31}}},"fnMap":{"0":{"name":"cn","decl":{"start":{"line":4,"column":16},"end":{"line":4,"column":18}},"loc":{"start":{"line":4,"column":30},"end":{"line":6,"column":1}},"line":4}},"branchMap":{},"s":{"0":604},"f":{"0":604},"b":{},"meta":{"lastBranch":0,"lastFunction":1,"lastStatement":1,"seen":{"f:4:16:4:18":0,"s:5:2:5:31":0}}}
}
